#
# There is insufficient memory for the Java Runtime Environment to continue.
# Native memory allocation (malloc) failed to allocate 1286736 bytes for Chunk::new
# Possible reasons:
#   The system is out of physical RAM or swap space
#   In 32 bit mode, the process size limit was hit
# Possible solutions:
#   Reduce memory load on the system
#   Increase physical memory or swap space
#   Check if swap backing store is full
#   Use 64 bit Java on a 64 bit OS
#   Decrease Java heap size (-Xmx/-Xms)
#   Decrease number of Java threads
#   Decrease Java thread stack sizes (-Xss)
#   Set larger code cache with -XX:ReservedCodeCacheSize=
# This output file may be truncated or incomplete.
#
#  Out of Memory Error (allocation.cpp:390), pid=16836, tid=0x0000000000005dd0
#
# JRE version: Java(TM) SE Runtime Environment (8.0_191-b12) (build 1.8.0_191-b12)
# Java VM: Java HotSpot(TM) 64-Bit Server VM (25.191-b12 mixed mode windows-amd64 compressed oops)
# Failed to write core dump. Minidumps are not enabled by default on client versions of Windows
#

---------------  T H R E A D  ---------------

Current thread (0x0000000017c21000):  JavaThread "C2 CompilerThread1" daemon [_thread_in_native, id=24016, stack(0x00000000183f0000,0x00000000184f0000)]

Stack: [0x00000000183f0000,0x00000000184f0000]
[error occurred during error reporting (printing stack bounds), id 0xc0000005]

Native frames: (J=compiled Java code, j=interpreted, Vv=VM code, C=native code)


Current CompileTask:
C2:    937  714       4       java.io.DataInputStream::readShort (40 bytes)


---------------  P R O C E S S  ---------------

Java Threads: ( => current thread )
  0x00000000189d2800 JavaThread "Thread-3" daemon [_thread_in_native, id=19744, stack(0x0000000020e90000,0x0000000020f90000)]
  0x00000000189e4000 JavaThread "JavaFX-Launcher" [_thread_blocked, id=6664, stack(0x0000000021090000,0x0000000021190000)]
  0x000000001895c000 JavaThread "JavaFX Application Thread" [_thread_in_native, id=2712, stack(0x000000001a0d0000,0x000000001a1d0000)]
  0x0000000018954000 JavaThread "Thread-1" daemon [_thread_blocked, id=16312, stack(0x0000000019fd0000,0x000000001a0d0000)]
  0x0000000018935000 JavaThread "QuantumRenderer-0" daemon [_thread_blocked, id=26844, stack(0x0000000019370000,0x0000000019470000)]
  0x0000000017cb0000 JavaThread "Service Thread" daemon [_thread_blocked, id=31456, stack(0x00000000186f0000,0x00000000187f0000)]
  0x0000000017c2a000 JavaThread "C1 CompilerThread3" daemon [_thread_blocked, id=28000, stack(0x00000000185f0000,0x00000000186f0000)]
  0x0000000017c26800 JavaThread "C2 CompilerThread2" daemon [_thread_in_native, id=26796, stack(0x00000000184f0000,0x00000000185f0000)]
=>0x0000000017c21000 JavaThread "C2 CompilerThread1" daemon [_thread_in_native, id=24016, stack(0x00000000183f0000,0x00000000184f0000)]
  0x0000000017c1a800 JavaThread "C2 CompilerThread0" daemon [_thread_in_native, id=30884, stack(0x00000000182f0000,0x00000000183f0000)]
  0x0000000017c19000 JavaThread "Attach Listener" daemon [_thread_blocked, id=22400, stack(0x00000000181f0000,0x00000000182f0000)]
  0x0000000017c16000 JavaThread "Signal Dispatcher" daemon [_thread_blocked, id=27996, stack(0x00000000180f0000,0x00000000181f0000)]
  0x00000000032e9000 JavaThread "Finalizer" daemon [_thread_blocked, id=14168, stack(0x0000000017ff0000,0x00000000180f0000)]
  0x00000000032e7800 JavaThread "Reference Handler" daemon [_thread_blocked, id=8740, stack(0x0000000017af0000,0x0000000017bf0000)]
  0x00000000030ee000 JavaThread "main" [_thread_blocked, id=20224, stack(0x00000000030f0000,0x00000000031f0000)]

Other Threads:
  0x0000000015d09000 VMThread [stack: 0x00000000179f0000,0x0000000017af0000] [id=23952]
  0x0000000017ccb000 WatcherThread [stack: 0x00000000187f0000,0x00000000188f0000] [id=29800]

VM state:not at safepoint (normal execution)

VM Mutex/Monitor currently owned by a thread: None

Heap:
 PSYoungGen      total 18944K, used 14022K [0x00000000eb400000, 0x00000000ec900000, 0x0000000100000000)
  eden space 16384K, 70% used [0x00000000eb400000,0x00000000ebf381d0,0x00000000ec400000)
  from space 2560K, 98% used [0x00000000ec400000,0x00000000ec6797a0,0x00000000ec680000)
  to   space 2560K, 0% used [0x00000000ec680000,0x00000000ec680000,0x00000000ec900000)
 ParOldGen       total 44032K, used 24236K [0x00000000c1c00000, 0x00000000c4700000, 0x00000000eb400000)
  object space 44032K, 55% used [0x00000000c1c00000,0x00000000c33ab230,0x00000000c4700000)
 Metaspace       used 10116K, capacity 10550K, committed 10880K, reserved 1058816K
  class space    used 1401K, capacity 1541K, committed 1664K, reserved 1048576K

Card table byte_map: [0x00000000126b0000,0x00000000128b0000] byte_map_base: 0x00000000120a2000

Marking Bits: (ParMarkBitMap*) 0x00000000701f3e30
 Begin Bits: [0x0000000013200000, 0x0000000014190000)
 End Bits:   [0x0000000014190000, 0x0000000015120000)

Polling page: 0x0000000001190000

CodeCache: size=245760Kb used=3110Kb max_used=3110Kb free=242649Kb
 bounds [0x00000000032f0000, 0x0000000003600000, 0x00000000122f0000]
 total_blobs=1256 nmethods=780 adapters=389
 compilation: enabled

Compilation events (10 events):
Event: 0.890 Thread 0x0000000017c2a000  785       3       java.util.Locale::getDefault (4 bytes)
Event: 0.890 Thread 0x0000000017c2a000 nmethod 785 0x00000000035f9710 code [0x00000000035f9860, 0x00000000035f99b0]
Event: 0.891 Thread 0x0000000017c2a000  786       3       java.lang.invoke.LambdaForm$DMH/692404036::invokeStatic_LL_L (15 bytes)
Event: 0.892 Thread 0x0000000017c2a000 nmethod 786 0x00000000035f9a10 code [0x00000000035f9ba0, 0x00000000035fa138]
Event: 0.925 Thread 0x0000000017c2a000  787       3       java.nio.HeapByteBuffer::ix (7 bytes)
Event: 0.926 Thread 0x0000000017c2a000 nmethod 787 0x00000000035fa290 code [0x00000000035fa3e0, 0x00000000035fa530]
Event: 0.926 Thread 0x0000000017c2a000  788       3       java.nio.HeapByteBuffer::get (14 bytes)
Event: 0.926 Thread 0x0000000017c2a000 nmethod 788 0x00000000035fa590 code [0x00000000035fa720, 0x00000000035faac8]
Event: 0.926 Thread 0x0000000017c2a000  789       3       java.nio.Buffer::nextGetIndex (31 bytes)
Event: 0.926 Thread 0x0000000017c2a000 nmethod 789 0x00000000035fac90 code [0x00000000035fae00, 0x00000000035fb008]

GC Heap History (2 events):
Event: 0.688 GC heap before
{Heap before GC invocations=1 (full 0):
 PSYoungGen      total 18944K, used 16204K [0x00000000eb400000, 0x00000000ec900000, 0x0000000100000000)
  eden space 16384K, 98% used [0x00000000eb400000,0x00000000ec3d30e8,0x00000000ec400000)
  from space 2560K, 0% used [0x00000000ec680000,0x00000000ec680000,0x00000000ec900000)
  to   space 2560K, 0% used [0x00000000ec400000,0x00000000ec400000,0x00000000ec680000)
 ParOldGen       total 44032K, used 23734K [0x00000000c1c00000, 0x00000000c4700000, 0x00000000eb400000)
  object space 44032K, 53% used [0x00000000c1c00000,0x00000000c332db50,0x00000000c4700000)
 Metaspace       used 8985K, capacity 9342K, committed 9600K, reserved 1056768K
  class space    used 1210K, capacity 1299K, committed 1408K, reserved 1048576K
Event: 0.692 GC heap after
Heap after GC invocations=1 (full 0):
 PSYoungGen      total 18944K, used 2533K [0x00000000eb400000, 0x00000000ec900000, 0x0000000100000000)
  eden space 16384K, 0% used [0x00000000eb400000,0x00000000eb400000,0x00000000ec400000)
  from space 2560K, 98% used [0x00000000ec400000,0x00000000ec6797a0,0x00000000ec680000)
  to   space 2560K, 0% used [0x00000000ec680000,0x00000000ec680000,0x00000000ec900000)
 ParOldGen       total 44032K, used 24236K [0x00000000c1c00000, 0x00000000c4700000, 0x00000000eb400000)
  object space 44032K, 55% used [0x00000000c1c00000,0x00000000c33ab230,0x00000000c4700000)
 Metaspace       used 8985K, capacity 9342K, committed 9600K, reserved 1056768K
  class space    used 1210K, capacity 1299K, committed 1408K, reserved 1048576K
}

Deoptimization events (10 events):
Event: 0.792 Thread 0x000000001895c000 Uncommon trap: reason=bimorphic action=maybe_recompile pc=0x0000000003598708 method=java.io.BufferedInputStream.fill()V @ 214
Event: 0.793 Thread 0x000000001895c000 Uncommon trap: reason=bimorphic action=maybe_recompile pc=0x000000000355cf88 method=java.io.BufferedInputStream.read([BII)I @ 101
Event: 0.797 Thread 0x000000001895c000 Uncommon trap: reason=bimorphic action=maybe_recompile pc=0x000000000355cf88 method=java.io.BufferedInputStream.read([BII)I @ 101
Event: 0.797 Thread 0x000000001895c000 Uncommon trap: reason=unstable_if action=reinterpret pc=0x0000000003563c38 method=java.io.BufferedInputStream.fill()V @ 9
Event: 0.800 Thread 0x000000001895c000 Uncommon trap: reason=bimorphic action=maybe_recompile pc=0x000000000355cf88 method=java.io.BufferedInputStream.read([BII)I @ 101
Event: 0.800 Thread 0x000000001895c000 Uncommon trap: reason=bimorphic action=maybe_recompile pc=0x000000000355cf88 method=java.io.BufferedInputStream.read([BII)I @ 101
Event: 0.802 Thread 0x000000001895c000 Uncommon trap: reason=unstable_if action=reinterpret pc=0x0000000003598134 method=java.io.BufferedInputStream.fill()V @ 9
Event: 0.821 Thread 0x000000001895c000 Uncommon trap: reason=unstable_if action=reinterpret pc=0x00000000035c4018 method=java.util.HashMap.getNode(ILjava/lang/Object;)Ljava/util/HashMap$Node; @ 84
Event: 0.822 Thread 0x000000001895c000 Uncommon trap: reason=unstable_if action=reinterpret pc=0x00000000035c1488 method=java.util.HashMap.getNode(ILjava/lang/Object;)Ljava/util/HashMap$Node; @ 84
Event: 0.842 Thread 0x000000001895c000 Uncommon trap: reason=unstable_if action=reinterpret pc=0x00000000035941b8 method=sun.misc.URLClassPath.getLoader(I)Lsun/misc/URLClassPath$Loader; @ 36

Classes redefined (0 events):
No events

Internal exceptions (10 events):
Event: 0.747 Thread 0x000000001895c000 Exception <a 'java/io/FileNotFoundException'> (0x00000000ebaf82e8) thrown at [C:\re\workspace\8-2-build-windows-amd64-cygwin\jdk8u191\11896\hotspot\src\share\vm\prims\jni.cpp, line 709]
Event: 0.748 Thread 0x000000001895c000 Exception <a 'java/io/FileNotFoundException'> (0x00000000ebb00a10) thrown at [C:\re\workspace\8-2-build-windows-amd64-cygwin\jdk8u191\11896\hotspot\src\share\vm\prims\jni.cpp, line 709]
Event: 0.748 Thread 0x000000001895c000 Exception <a 'java/io/FileNotFoundException'> (0x00000000ebb092d0) thrown at [C:\re\workspace\8-2-build-windows-amd64-cygwin\jdk8u191\11896\hotspot\src\share\vm\prims\jni.cpp, line 709]
Event: 0.749 Thread 0x000000001895c000 Exception <a 'java/io/FileNotFoundException'> (0x00000000ebb11618) thrown at [C:\re\workspace\8-2-build-windows-amd64-cygwin\jdk8u191\11896\hotspot\src\share\vm\prims\jni.cpp, line 709]
Event: 0.750 Thread 0x000000001895c000 Exception <a 'java/io/FileNotFoundException'> (0x00000000ebb19960) thrown at [C:\re\workspace\8-2-build-windows-amd64-cygwin\jdk8u191\11896\hotspot\src\share\vm\prims\jni.cpp, line 709]
Event: 0.750 Thread 0x000000001895c000 Exception <a 'java/io/FileNotFoundException'> (0x00000000ebb21ca8) thrown at [C:\re\workspace\8-2-build-windows-amd64-cygwin\jdk8u191\11896\hotspot\src\share\vm\prims\jni.cpp, line 709]
Event: 0.751 Thread 0x000000001895c000 Exception <a 'java/io/FileNotFoundException'> (0x00000000ebb2a010) thrown at [C:\re\workspace\8-2-build-windows-amd64-cygwin\jdk8u191\11896\hotspot\src\share\vm\prims\jni.cpp, line 709]
Event: 0.751 Thread 0x000000001895c000 Exception <a 'java/io/FileNotFoundException'> (0x00000000ebb32390) thrown at [C:\re\workspace\8-2-build-windows-amd64-cygwin\jdk8u191\11896\hotspot\src\share\vm\prims\jni.cpp, line 709]
Event: 0.752 Thread 0x000000001895c000 Exception <a 'java/io/FileNotFoundException'> (0x00000000ebb3a710) thrown at [C:\re\workspace\8-2-build-windows-amd64-cygwin\jdk8u191\11896\hotspot\src\share\vm\prims\jni.cpp, line 709]
Event: 0.752 Thread 0x000000001895c000 Exception <a 'java/io/FileNotFoundException'> (0x00000000ebb42a90) thrown at [C:\re\workspace\8-2-build-windows-amd64-cygwin\jdk8u191\11896\hotspot\src\share\vm\prims\jni.cpp, line 709]

Events (10 events):
Event: 0.886 loading class com/sun/javafx/font/directwrite/IDWriteFont
Event: 0.886 loading class com/sun/javafx/font/directwrite/IDWriteFont done
Event: 0.887 loading class com/sun/javafx/font/PrismCompositeFontResource
Event: 0.887 loading class com/sun/javafx/font/PrismCompositeFontResource done
Event: 0.889 loading class sun/nio/cs/US_ASCII$Decoder
Event: 0.889 loading class sun/nio/cs/US_ASCII$Decoder done
Event: 0.892 loading class com/sun/javafx/font/PrismFontFactory$TTFilter
Event: 0.892 loading class com/sun/javafx/font/PrismFontFactory$TTFilter done
Event: 0.924 loading class com/sun/javafx/font/directwrite/IDWriteFontFile
Event: 0.924 loading class com/sun/javafx/font/directwrite/IDWriteFontFile done


Dynamic libraries:
0x00007ff668e50000 - 0x00007ff668e87000 	C:\Program Files\Java\jre1.8.0_191\bin\javaw.exe
0x00007ffe106e0000 - 0x00007ffe108c1000 	C:\Windows\SYSTEM32\ntdll.dll
0x00007ffe0fa40000 - 0x00007ffe0faf2000 	C:\Windows\System32\KERNEL32.DLL
0x00007ffe0d780000 - 0x00007ffe0d9f3000 	C:\Windows\System32\KERNELBASE.dll
0x00007ffe100c0000 - 0x00007ffe10161000 	C:\Windows\System32\ADVAPI32.dll
0x00007ffe10170000 - 0x00007ffe1020e000 	C:\Windows\System32\msvcrt.dll
0x00007ffe0f850000 - 0x00007ffe0f8ab000 	C:\Windows\System32\sechost.dll
0x00007ffe0efb0000 - 0x00007ffe0f0d4000 	C:\Windows\System32\RPCRT4.dll
0x00007ffe0f8b0000 - 0x00007ffe0fa40000 	C:\Windows\System32\USER32.dll
0x00007ffe0cc50000 - 0x00007ffe0cc70000 	C:\Windows\System32\win32u.dll
0x00007ffe10540000 - 0x00007ffe10568000 	C:\Windows\System32\GDI32.dll
0x00007ffe0cab0000 - 0x00007ffe0cc42000 	C:\Windows\System32\gdi32full.dll
0x00007ffe0da50000 - 0x00007ffe0daef000 	C:\Windows\System32\msvcp_win.dll
0x00007ffe0d680000 - 0x00007ffe0d77a000 	C:\Windows\System32\ucrtbase.dll
0x00007ffdfb260000 - 0x00007ffdfb4c9000 	C:\Windows\WinSxS\amd64_microsoft.windows.common-controls_6595b64144ccf1df_6.0.17134.407_none_fb449d63306391e9\COMCTL32.dll
0x00007ffe10210000 - 0x00007ffe10532000 	C:\Windows\System32\combase.dll
0x00007ffe0daf0000 - 0x00007ffe0db6a000 	C:\Windows\System32\bcryptPrimitives.dll
0x00007ffe10670000 - 0x00007ffe1069d000 	C:\Windows\System32\IMM32.DLL
0x000000006f720000 - 0x000000006f7f2000 	C:\Program Files\Java\jre1.8.0_191\bin\msvcr100.dll
0x000000006f9d0000 - 0x0000000070274000 	C:\Program Files\Java\jre1.8.0_191\bin\server\jvm.dll
0x00007ffe0fda0000 - 0x00007ffe0fda8000 	C:\Windows\System32\PSAPI.DLL
0x00007ffe018d0000 - 0x00007ffe018da000 	C:\Windows\SYSTEM32\VERSION.dll
0x00007ffe00f70000 - 0x00007ffe00f93000 	C:\Windows\SYSTEM32\WINMM.dll
0x00007ffdfe460000 - 0x00007ffdfe469000 	C:\Windows\SYSTEM32\WSOCK32.dll
0x00007ffe0f0e0000 - 0x00007ffe0f14c000 	C:\Windows\System32\WS2_32.dll
0x00007ffe00f40000 - 0x00007ffe00f6a000 	C:\Windows\SYSTEM32\WINMMBASE.dll
0x00007ffe0da00000 - 0x00007ffe0da49000 	C:\Windows\System32\cfgmgr32.dll
0x000000006f8e0000 - 0x000000006f8ef000 	C:\Program Files\Java\jre1.8.0_191\bin\verify.dll
0x000000006f8b0000 - 0x000000006f8d9000 	C:\Program Files\Java\jre1.8.0_191\bin\java.dll
0x000000006f890000 - 0x000000006f8a6000 	C:\Program Files\Java\jre1.8.0_191\bin\zip.dll
0x00007ffe0db70000 - 0x00007ffe0efaf000 	C:\Windows\System32\SHELL32.dll
0x00007ffe0f7a0000 - 0x00007ffe0f849000 	C:\Windows\System32\shcore.dll
0x00007ffe0cf70000 - 0x00007ffe0d67d000 	C:\Windows\System32\windows.storage.dll
0x00007ffe0f150000 - 0x00007ffe0f1a1000 	C:\Windows\System32\shlwapi.dll
0x00007ffe0ca60000 - 0x00007ffe0ca71000 	C:\Windows\System32\kernel.appcore.dll
0x00007ffe0ca80000 - 0x00007ffe0ca9f000 	C:\Windows\System32\profapi.dll
0x00007ffe0ca10000 - 0x00007ffe0ca5c000 	C:\Windows\System32\powrprof.dll
0x00007ffe0caa0000 - 0x00007ffe0caaa000 	C:\Windows\System32\FLTLIB.DLL
0x00000000190f0000 - 0x00000000190f3000 	C:\Program Files\Java\jre1.8.0_191\bin\api-ms-win-core-console-l1-1-0.dll
0x0000000019100000 - 0x0000000019103000 	C:\Program Files\Java\jre1.8.0_191\bin\api-ms-win-core-datetime-l1-1-0.dll
0x0000000019110000 - 0x0000000019113000 	C:\Program Files\Java\jre1.8.0_191\bin\api-ms-win-core-debug-l1-1-0.dll
0x0000000019120000 - 0x0000000019123000 	C:\Program Files\Java\jre1.8.0_191\bin\api-ms-win-core-errorhandling-l1-1-0.dll
0x0000000019130000 - 0x0000000019134000 	C:\Program Files\Java\jre1.8.0_191\bin\api-ms-win-core-file-l1-1-0.dll
0x0000000019140000 - 0x0000000019143000 	C:\Program Files\Java\jre1.8.0_191\bin\api-ms-win-core-file-l1-2-0.dll
0x0000000019150000 - 0x0000000019153000 	C:\Program Files\Java\jre1.8.0_191\bin\api-ms-win-core-file-l2-1-0.dll
0x0000000019160000 - 0x0000000019163000 	C:\Program Files\Java\jre1.8.0_191\bin\api-ms-win-core-handle-l1-1-0.dll
0x0000000019170000 - 0x0000000019173000 	C:\Program Files\Java\jre1.8.0_191\bin\api-ms-win-core-heap-l1-1-0.dll
0x0000000019180000 - 0x0000000019183000 	C:\Program Files\Java\jre1.8.0_191\bin\api-ms-win-core-interlocked-l1-1-0.dll
0x0000000019190000 - 0x0000000019193000 	C:\Program Files\Java\jre1.8.0_191\bin\api-ms-win-core-libraryloader-l1-1-0.dll
0x00000000191a0000 - 0x00000000191a3000 	C:\Program Files\Java\jre1.8.0_191\bin\api-ms-win-core-localization-l1-2-0.dll
0x00000000191b0000 - 0x00000000191b3000 	C:\Program Files\Java\jre1.8.0_191\bin\api-ms-win-core-memory-l1-1-0.dll
0x00000000191c0000 - 0x00000000191c3000 	C:\Program Files\Java\jre1.8.0_191\bin\api-ms-win-core-namedpipe-l1-1-0.dll
0x00000000191d0000 - 0x00000000191d3000 	C:\Program Files\Java\jre1.8.0_191\bin\api-ms-win-core-processenvironment-l1-1-0.dll
0x00000000191e0000 - 0x00000000191e3000 	C:\Program Files\Java\jre1.8.0_191\bin\api-ms-win-core-processthreads-l1-1-0.dll
0x00000000191f0000 - 0x00000000191f3000 	C:\Program Files\Java\jre1.8.0_191\bin\api-ms-win-core-processthreads-l1-1-1.dll
0x0000000019200000 - 0x0000000019203000 	C:\Program Files\Java\jre1.8.0_191\bin\api-ms-win-core-profile-l1-1-0.dll
0x0000000019210000 - 0x0000000019213000 	C:\Program Files\Java\jre1.8.0_191\bin\api-ms-win-core-rtlsupport-l1-1-0.dll
0x0000000019220000 - 0x0000000019223000 	C:\Program Files\Java\jre1.8.0_191\bin\api-ms-win-core-string-l1-1-0.dll
0x0000000019230000 - 0x0000000019233000 	C:\Program Files\Java\jre1.8.0_191\bin\api-ms-win-core-synch-l1-1-0.dll
0x0000000019240000 - 0x0000000019243000 	C:\Program Files\Java\jre1.8.0_191\bin\api-ms-win-core-synch-l1-2-0.dll
0x0000000019250000 - 0x0000000019253000 	C:\Program Files\Java\jre1.8.0_191\bin\api-ms-win-core-sysinfo-l1-1-0.dll
0x0000000019260000 - 0x0000000019263000 	C:\Program Files\Java\jre1.8.0_191\bin\api-ms-win-core-timezone-l1-1-0.dll
0x0000000019270000 - 0x0000000019273000 	C:\Program Files\Java\jre1.8.0_191\bin\api-ms-win-core-util-l1-1-0.dll
0x0000000019280000 - 0x0000000019283000 	C:\Program Files\Java\jre1.8.0_191\bin\api-ms-win-crt-conio-l1-1-0.dll
0x0000000019290000 - 0x0000000019294000 	C:\Program Files\Java\jre1.8.0_191\bin\api-ms-win-crt-convert-l1-1-0.dll
0x00000000192a0000 - 0x00000000192a3000 	C:\Program Files\Java\jre1.8.0_191\bin\api-ms-win-crt-environment-l1-1-0.dll
0x00000000192b0000 - 0x00000000192b3000 	C:\Program Files\Java\jre1.8.0_191\bin\api-ms-win-crt-filesystem-l1-1-0.dll
0x00000000192c0000 - 0x00000000192c3000 	C:\Program Files\Java\jre1.8.0_191\bin\api-ms-win-crt-heap-l1-1-0.dll
0x00000000192d0000 - 0x00000000192d3000 	C:\Program Files\Java\jre1.8.0_191\bin\api-ms-win-crt-locale-l1-1-0.dll
0x00000000192e0000 - 0x00000000192e5000 	C:\Program Files\Java\jre1.8.0_191\bin\api-ms-win-crt-math-l1-1-0.dll
0x00000000192f0000 - 0x00000000192f5000 	C:\Program Files\Java\jre1.8.0_191\bin\api-ms-win-crt-multibyte-l1-1-0.dll
0x0000000019300000 - 0x0000000019310000 	C:\Program Files\Java\jre1.8.0_191\bin\api-ms-win-crt-private-l1-1-0.dll
0x0000000019310000 - 0x0000000019313000 	C:\Program Files\Java\jre1.8.0_191\bin\api-ms-win-crt-process-l1-1-0.dll
0x0000000019320000 - 0x0000000019324000 	C:\Program Files\Java\jre1.8.0_191\bin\api-ms-win-crt-runtime-l1-1-0.dll
0x0000000019330000 - 0x0000000019334000 	C:\Program Files\Java\jre1.8.0_191\bin\api-ms-win-crt-stdio-l1-1-0.dll
0x0000000019340000 - 0x0000000019344000 	C:\Program Files\Java\jre1.8.0_191\bin\api-ms-win-crt-string-l1-1-0.dll
0x0000000019350000 - 0x0000000019353000 	C:\Program Files\Java\jre1.8.0_191\bin\api-ms-win-crt-time-l1-1-0.dll
0x0000000019360000 - 0x0000000019363000 	C:\Program Files\Java\jre1.8.0_191\bin\api-ms-win-crt-utility-l1-1-0.dll
0x00007ffddea70000 - 0x00007ffddeb66000 	C:\Program Files\Java\jre1.8.0_191\bin\ucrtbase.dll
0x00007ffde5750000 - 0x00007ffde5766000 	C:\Program Files\Java\jre1.8.0_191\bin\vcruntime140.dll
0x00007ffddfef0000 - 0x00007ffddff8c000 	C:\Program Files\Java\jre1.8.0_191\bin\msvcp140.dll
0x00007ffde28d0000 - 0x00007ffde2921000 	C:\Program Files\Java\jre1.8.0_191\bin\concrt140.dll
0x000000006f6f0000 - 0x000000006f713000 	C:\Program Files\Java\jre1.8.0_191\bin\prism_d3d.dll
0x00007ffde2b40000 - 0x00007ffde2cd7000 	C:\Windows\system32\d3d9.dll
0x00007ffe0ac30000 - 0x00007ffe0ac59000 	C:\Windows\SYSTEM32\dwmapi.dll
0x00007ffe0a380000 - 0x00007ffe0a418000 	C:\Windows\system32\uxtheme.dll
0x00007ffddd950000 - 0x00007ffdddb27000 	C:\Windows\System32\DriverStore\FileRepository\igdlh64.inf_amd64_250db833a1cd577e\igdumdim64.dll
0x00007ffdb0f60000 - 0x00007ffdb3f5d000 	C:\Windows\System32\DriverStore\FileRepository\igdlh64.inf_amd64_250db833a1cd577e\igd9dxva64.dll
0x00007ffe0fc40000 - 0x00007ffe0fd91000 	C:\Windows\System32\ole32.dll
0x00007ffe10590000 - 0x00007ffe10652000 	C:\Windows\System32\OLEAUT32.dll
0x000000006f6a0000 - 0x000000006f6e9000 	C:\Program Files\Java\jre1.8.0_191\bin\glass.dll
0x00007ffe0fdb0000 - 0x00007ffe0fe9d000 	C:\Windows\System32\COMDLG32.dll
0x00007ffe0fea0000 - 0x00007ffe10013000 	C:\Windows\System32\MSCTF.dll
0x00007ffdf7270000 - 0x00007ffdf9005000 	C:\Windows\System32\DriverStore\FileRepository\igdlh64.inf_amd64_250db833a1cd577e\igc64.dll
0x000000006f680000 - 0x000000006f694000 	C:\Program Files\Java\jre1.8.0_191\bin\javafx_font.dll
0x00007ffdf6b20000 - 0x00007ffdf6e3c000 	C:\Windows\SYSTEM32\dwrite.dll

VM Arguments:
jvm_args: -Dfile.encoding=Cp1252 
java_command: application.Main
java_class_path (initial): C:\Users\Taan\Documents\eclipse-workspace\Highrich\bin;C:\Users\Taan\.p2\pool\plugins\org.eclipse.fx.ide.css.jfx8_3.0.0.201705220750.jar
Launcher Type: SUN_STANDARD

Environment Variables:
PATH=C:/Program Files/Java/jre1.8.0_191/bin/server;C:/Program Files/Java/jre1.8.0_191/bin;C:/Program Files/Java/jre1.8.0_191/lib/amd64;C:\Program Files (x86)\Common Files\Oracle\Java\javapath;C:\Program Files (x86)\Intel\Intel(R) Management Engine Components\iCLS\;C:\Program Files\Intel\Intel(R) Management Engine Components\iCLS\;C:\Windows\system32;C:\Windows;C:\Windows\System32\Wbem;C:\Windows\System32\WindowsPowerShell\v1.0\;C:\Windows\System32\OpenSSH\;C:\Program Files\Intel\WiFi\bin\;C:\Program Files\Common Files\Intel\WirelessCommon\;C:\Program Files (x86)\Intel\Intel(R) Management Engine Components\DAL;C:\Program Files\Intel\Intel(R) Management Engine Components\DAL;C:\Program Files (x86)\Intel\Intel(R) Management Engine Components\IPT;C:\Program Files\Intel\Intel(R) Management Engine Components\IPT;C:\Program Files\Git\cmd;C:\Program Files\Java\jre1.8.0_181\bin;C:\Program Files (x86)\Graphviz2.38\bin;C:\Users\Taan\AppData\Local\Programs\Python\Python36\Scripts\;C:\Users\Taan\AppData\Local\Programs\Python\Python36\;C:\Users\Taan\AppData\Local\Microsoft\WindowsApps;C:\Program Files\Intel\WiFi\bin\;C:\Program Files\Common Files\Intel\WirelessCommon\;C:\Users\Taan\AppData\Local\Programs\Microsoft VS Code\bin;C:\Program Files (x86)\FFmpeg\ffmpeg-20181118-8f875a9-win64-static\bin;C:\Program Files (x86)\Graphviz2.38\bin;;C:\Users\Taan\Desktop;
USERNAME=Taan
OS=Windows_NT
PROCESSOR_IDENTIFIER=Intel64 Family 6 Model 142 Stepping 10, GenuineIntel



---------------  S Y S T E M  ---------------

OS: Windows 10.0 , 64 bit Build 17134 (10.0.17134.1)

CPU:total 8 (initial active 8) (4 cores per cpu, 2 threads per core) family 6 model 142 stepping 10, cmov, cx8, fxsr, mmx, sse, sse2, sse3, ssse3, sse4.1, sse4.2, popcnt, avx, avx2, aes, clmul, erms, 3dnowpref, lzcnt, ht, tsc, tscinvbit, bmi1, bmi2, adx

Memory: 4k page, physical 4074916k(307488k free), swap 16657828k(6832k free)

vm_info: Java HotSpot(TM) 64-Bit Server VM (25.191-b12) for windows-amd64 JRE (1.8.0_191-b12), built on Oct  6 2018 09:29:03 by "java_re" with MS VC++ 10.0 (VS2010)

time: Tue Nov 27 13:43:23 2018
elapsed time: 0 seconds (0d 0h 0m 0s)

