#
# There is insufficient memory for the Java Runtime Environment to continue.
# Native memory allocation (malloc) failed to allocate 501136 bytes for Chunk::new
# Possible reasons:
#   The system is out of physical RAM or swap space
#   In 32 bit mode, the process size limit was hit
# Possible solutions:
#   Reduce memory load on the system
#   Increase physical memory or swap space
#   Check if swap backing store is full
#   Use 64 bit Java on a 64 bit OS
#   Decrease Java heap size (-Xmx/-Xms)
#   Decrease number of Java threads
#   Decrease Java thread stack sizes (-Xss)
#   Set larger code cache with -XX:ReservedCodeCacheSize=
# This output file may be truncated or incomplete.
#
#  Out of Memory Error (allocation.cpp:390), pid=12860, tid=0x00000000000072dc
#
# JRE version: Java(TM) SE Runtime Environment (8.0_191-b12) (build 1.8.0_191-b12)
# Java VM: Java HotSpot(TM) 64-Bit Server VM (25.191-b12 mixed mode windows-amd64 compressed oops)
# Failed to write core dump. Minidumps are not enabled by default on client versions of Windows
#

---------------  T H R E A D  ---------------

Current thread (0x0000000017819000):  JavaThread "C2 CompilerThread2" daemon [_thread_in_native, id=29404, stack(0x00000000181d0000,0x00000000182d0000)]

Stack: [0x00000000181d0000,0x00000000182d0000]
[error occurred during error reporting (printing stack bounds), id 0xc0000005]

Native frames: (J=compiled Java code, j=interpreted, Vv=VM code, C=native code)


Current CompileTask:
C2:   2265 1099       4       java.io.DataInputStream::readChar (40 bytes)


---------------  P R O C E S S  ---------------

Java Threads: ( => current thread )
  0x00000000234f5800 JavaThread "Thread-4" [_thread_blocked, id=28992, stack(0x00000000249c0000,0x0000000024ac0000)]
  0x00000000214fb800 JavaThread "Prism Font Disposer" daemon [_thread_blocked, id=25652, stack(0x0000000024040000,0x0000000024140000)]
  0x00000000186b2000 JavaThread "Thread-3" daemon [_thread_in_native, id=21700, stack(0x0000000020a60000,0x0000000020b60000)]
  0x00000000186c3800 JavaThread "JavaFX-Launcher" [_thread_blocked, id=31504, stack(0x0000000020c60000,0x0000000020d60000)]
  0x0000000018637000 JavaThread "JavaFX Application Thread" [_thread_blocked, id=30836, stack(0x0000000019ce0000,0x0000000019de0000)]
  0x0000000018630000 JavaThread "Thread-1" daemon [_thread_blocked, id=9012, stack(0x0000000019170000,0x0000000019270000)]
  0x00000000185f3000 JavaThread "QuantumRenderer-0" daemon [_thread_in_native, id=4152, stack(0x0000000019000000,0x0000000019100000)]
  0x0000000017892800 JavaThread "Service Thread" daemon [_thread_blocked, id=29260, stack(0x00000000183d0000,0x00000000184d0000)]
  0x000000001781c800 JavaThread "C1 CompilerThread3" daemon [_thread_blocked, id=27560, stack(0x00000000182d0000,0x00000000183d0000)]
=>0x0000000017819000 JavaThread "C2 CompilerThread2" daemon [_thread_in_native, id=29404, stack(0x00000000181d0000,0x00000000182d0000)]
  0x0000000017810800 JavaThread "C2 CompilerThread1" daemon [_thread_in_native, id=10032, stack(0x00000000180d0000,0x00000000181d0000)]
  0x0000000017809800 JavaThread "C2 CompilerThread0" daemon [_thread_in_native, id=25256, stack(0x0000000017fd0000,0x00000000180d0000)]
  0x0000000017808000 JavaThread "Attach Listener" daemon [_thread_blocked, id=28656, stack(0x0000000017ed0000,0x0000000017fd0000)]
  0x0000000017807000 JavaThread "Signal Dispatcher" daemon [_thread_blocked, id=28872, stack(0x0000000017dd0000,0x0000000017ed0000)]
  0x0000000017800800 JavaThread "Finalizer" daemon [_thread_blocked, id=28144, stack(0x0000000017be0000,0x0000000017ce0000)]
  0x000000001590d800 JavaThread "Reference Handler" daemon [_thread_blocked, id=13580, stack(0x00000000176e0000,0x00000000177e0000)]
  0x0000000002d8e000 JavaThread "main" [_thread_blocked, id=30196, stack(0x0000000002c40000,0x0000000002d40000)]

Other Threads:
  0x0000000015908800 VMThread [stack: 0x00000000175e0000,0x00000000176e0000] [id=12296]
  0x00000000178b7000 WatcherThread [stack: 0x00000000184d0000,0x00000000185d0000] [id=29256]

VM state:not at safepoint (normal execution)

VM Mutex/Monitor currently owned by a thread: None

Heap:
 PSYoungGen      total 18944K, used 4212K [0x00000000eb400000, 0x00000000ec900000, 0x0000000100000000)
  eden space 16384K, 10% used [0x00000000eb400000,0x00000000eb59fef0,0x00000000ec400000)
  from space 2560K, 99% used [0x00000000ec680000,0x00000000ec8fd4f0,0x00000000ec900000)
  to   space 2560K, 0% used [0x00000000ec400000,0x00000000ec400000,0x00000000ec680000)
 ParOldGen       total 44032K, used 31265K [0x00000000c1c00000, 0x00000000c4700000, 0x00000000eb400000)
  object space 44032K, 71% used [0x00000000c1c00000,0x00000000c3a885a0,0x00000000c4700000)
 Metaspace       used 12981K, capacity 13560K, committed 13824K, reserved 1060864K
  class space    used 1821K, capacity 1992K, committed 2048K, reserved 1048576K

Card table byte_map: [0x00000000122b0000,0x00000000124b0000] byte_map_base: 0x0000000011ca2000

Marking Bits: (ParMarkBitMap*) 0x00000000701f3e30
 Begin Bits: [0x0000000012e00000, 0x0000000013d90000)
 End Bits:   [0x0000000013d90000, 0x0000000014d20000)

Polling page: 0x0000000000e20000

CodeCache: size=245760Kb used=4144Kb max_used=4144Kb free=241615Kb
 bounds [0x0000000002ef0000, 0x0000000003300000, 0x0000000011ef0000]
 total_blobs=1835 nmethods=1209 adapters=538
 compilation: enabled

Compilation events (10 events):
Event: 2.230 Thread 0x000000001781c800 1212       3       com.sun.javafx.geom.transform.AffineBase::isTranslateOrIdentity (22 bytes)
Event: 2.231 Thread 0x000000001781c800 nmethod 1212 0x00000000032fa9d0 code [0x00000000032fab60, 0x00000000032fb018]
Event: 2.231 Thread 0x000000001781c800 1210       3       com.sun.prism.impl.VertexBuffer::flush (32 bytes)
Event: 2.231 Thread 0x000000001781c800 nmethod 1210 0x00000000032fb110 code [0x00000000032fb2a0, 0x00000000032fb6d8]
Event: 2.231 Thread 0x000000001781c800 1209       3       com.sun.prism.impl.BaseContext::drawQuads (12 bytes)
Event: 2.232 Thread 0x000000001781c800 nmethod 1209 0x00000000032fb810 code [0x00000000032fb980, 0x00000000032fbc58]
Event: 2.232 Thread 0x000000001781c800 1208       3       com.sun.prism.d3d.D3DTexture::getNativeSourceHandle (17 bytes)
Event: 2.232 Thread 0x000000001781c800 nmethod 1208 0x00000000032fbd10 code [0x00000000032fbec0, 0x00000000032fc5a8]
Event: 2.242 Thread 0x000000001781c800 1217   !   3       java.lang.ClassLoader::findNative (86 bytes)
Event: 2.243 Thread 0x000000001781c800 nmethod 1217 0x00000000032fca50 code [0x00000000032fcc00, 0x00000000032fd4b8]

GC Heap History (4 events):
Event: 0.627 GC heap before
{Heap before GC invocations=1 (full 0):
 PSYoungGen      total 18944K, used 16205K [0x00000000eb400000, 0x00000000ec900000, 0x0000000100000000)
  eden space 16384K, 98% used [0x00000000eb400000,0x00000000ec3d37a8,0x00000000ec400000)
  from space 2560K, 0% used [0x00000000ec680000,0x00000000ec680000,0x00000000ec900000)
  to   space 2560K, 0% used [0x00000000ec400000,0x00000000ec400000,0x00000000ec680000)
 ParOldGen       total 44032K, used 23734K [0x00000000c1c00000, 0x00000000c4700000, 0x00000000eb400000)
  object space 44032K, 53% used [0x00000000c1c00000,0x00000000c332db50,0x00000000c4700000)
 Metaspace       used 8966K, capacity 9342K, committed 9600K, reserved 1056768K
  class space    used 1210K, capacity 1299K, committed 1408K, reserved 1048576K
Event: 0.629 GC heap after
Heap after GC invocations=1 (full 0):
 PSYoungGen      total 18944K, used 2542K [0x00000000eb400000, 0x00000000ec900000, 0x0000000100000000)
  eden space 16384K, 0% used [0x00000000eb400000,0x00000000eb400000,0x00000000ec400000)
  from space 2560K, 99% used [0x00000000ec400000,0x00000000ec67bb70,0x00000000ec680000)
  to   space 2560K, 0% used [0x00000000ec680000,0x00000000ec680000,0x00000000ec900000)
 ParOldGen       total 44032K, used 24264K [0x00000000c1c00000, 0x00000000c4700000, 0x00000000eb400000)
  object space 44032K, 55% used [0x00000000c1c00000,0x00000000c33b2170,0x00000000c4700000)
 Metaspace       used 8966K, capacity 9342K, committed 9600K, reserved 1056768K
  class space    used 1210K, capacity 1299K, committed 1408K, reserved 1048576K
}
Event: 2.138 GC heap before
{Heap before GC invocations=2 (full 0):
 PSYoungGen      total 18944K, used 18926K [0x00000000eb400000, 0x00000000ec900000, 0x0000000100000000)
  eden space 16384K, 100% used [0x00000000eb400000,0x00000000ec400000,0x00000000ec400000)
  from space 2560K, 99% used [0x00000000ec400000,0x00000000ec67bb70,0x00000000ec680000)
  to   space 2560K, 0% used [0x00000000ec680000,0x00000000ec680000,0x00000000ec900000)
 ParOldGen       total 44032K, used 24264K [0x00000000c1c00000, 0x00000000c4700000, 0x00000000eb400000)
  object space 44032K, 55% used [0x00000000c1c00000,0x00000000c33b2170,0x00000000c4700000)
 Metaspace       used 12280K, capacity 12804K, committed 12928K, reserved 1060864K
  class space    used 1718K, capacity 1854K, committed 1920K, reserved 1048576K
Event: 2.144 GC heap after
Heap after GC invocations=2 (full 0):
 PSYoungGen      total 18944K, used 2549K [0x00000000eb400000, 0x00000000ec900000, 0x0000000100000000)
  eden space 16384K, 0% used [0x00000000eb400000,0x00000000eb400000,0x00000000ec400000)
  from space 2560K, 99% used [0x00000000ec680000,0x00000000ec8fd4f0,0x00000000ec900000)
  to   space 2560K, 0% used [0x00000000ec400000,0x00000000ec400000,0x00000000ec680000)
 ParOldGen       total 44032K, used 31265K [0x00000000c1c00000, 0x00000000c4700000, 0x00000000eb400000)
  object space 44032K, 71% used [0x00000000c1c00000,0x00000000c3a885a0,0x00000000c4700000)
 Metaspace       used 12280K, capacity 12804K, committed 12928K, reserved 1060864K
  class space    used 1718K, capacity 1854K, committed 1920K, reserved 1048576K
}

Deoptimization events (10 events):
Event: 1.012 Thread 0x0000000018637000 Uncommon trap: reason=class_check action=maybe_recompile pc=0x000000000300b068 method=java.lang.String.equals(Ljava/lang/Object;)Z @ 8
Event: 1.012 Thread 0x0000000018637000 Uncommon trap: reason=class_check action=maybe_recompile pc=0x000000000300b068 method=java.lang.String.equals(Ljava/lang/Object;)Z @ 8
Event: 1.012 Thread 0x0000000018637000 Uncommon trap: reason=class_check action=maybe_recompile pc=0x000000000300b068 method=java.lang.String.equals(Ljava/lang/Object;)Z @ 8
Event: 1.025 Thread 0x0000000018637000 Uncommon trap: reason=unstable_if action=reinterpret pc=0x0000000003233f28 method=jdk.internal.org.objectweb.asm.Type.getArgumentsAndReturnSizes(Ljava/lang/String;)I @ 47
Event: 1.038 Thread 0x0000000018637000 Uncommon trap: reason=class_check action=maybe_recompile pc=0x000000000318a89c method=java.util.regex.Pattern$CharProperty.match(Ljava/util/regex/Matcher;ILjava/lang/CharSequence;)Z @ 37
Event: 1.040 Thread 0x0000000018637000 Uncommon trap: reason=class_check action=maybe_recompile pc=0x000000000318a89c method=java.util.regex.Pattern$CharProperty.match(Ljava/util/regex/Matcher;ILjava/lang/CharSequence;)Z @ 37
Event: 1.040 Thread 0x0000000018637000 Uncommon trap: reason=class_check action=maybe_recompile pc=0x000000000318a89c method=java.util.regex.Pattern$CharProperty.match(Ljava/util/regex/Matcher;ILjava/lang/CharSequence;)Z @ 37
Event: 1.040 Thread 0x0000000018637000 Uncommon trap: reason=class_check action=maybe_recompile pc=0x000000000318a89c method=java.util.regex.Pattern$CharProperty.match(Ljava/util/regex/Matcher;ILjava/lang/CharSequence;)Z @ 37
Event: 1.087 Thread 0x00000000185f3000 Uncommon trap: reason=unstable_if action=reinterpret pc=0x00000000031b1078 method=sun.net.www.ParseUtil.encodePath(Ljava/lang/String;Z)Ljava/lang/String; @ 109
Event: 2.134 Thread 0x0000000018637000 Uncommon trap: reason=class_check action=maybe_recompile pc=0x000000000300b068 method=java.lang.String.equals(Ljava/lang/Object;)Z @ 8

Classes redefined (0 events):
No events

Internal exceptions (10 events):
Event: 0.683 Thread 0x0000000018637000 Exception <a 'java/io/FileNotFoundException'> (0x00000000ebb00a10) thrown at [C:\re\workspace\8-2-build-windows-amd64-cygwin\jdk8u191\11896\hotspot\src\share\vm\prims\jni.cpp, line 709]
Event: 0.684 Thread 0x0000000018637000 Exception <a 'java/io/FileNotFoundException'> (0x00000000ebb092d0) thrown at [C:\re\workspace\8-2-build-windows-amd64-cygwin\jdk8u191\11896\hotspot\src\share\vm\prims\jni.cpp, line 709]
Event: 0.684 Thread 0x0000000018637000 Exception <a 'java/io/FileNotFoundException'> (0x00000000ebb11618) thrown at [C:\re\workspace\8-2-build-windows-amd64-cygwin\jdk8u191\11896\hotspot\src\share\vm\prims\jni.cpp, line 709]
Event: 0.685 Thread 0x0000000018637000 Exception <a 'java/io/FileNotFoundException'> (0x00000000ebb19960) thrown at [C:\re\workspace\8-2-build-windows-amd64-cygwin\jdk8u191\11896\hotspot\src\share\vm\prims\jni.cpp, line 709]
Event: 0.685 Thread 0x0000000018637000 Exception <a 'java/io/FileNotFoundException'> (0x00000000ebb21ca8) thrown at [C:\re\workspace\8-2-build-windows-amd64-cygwin\jdk8u191\11896\hotspot\src\share\vm\prims\jni.cpp, line 709]
Event: 0.686 Thread 0x0000000018637000 Exception <a 'java/io/FileNotFoundException'> (0x00000000ebb2a010) thrown at [C:\re\workspace\8-2-build-windows-amd64-cygwin\jdk8u191\11896\hotspot\src\share\vm\prims\jni.cpp, line 709]
Event: 0.687 Thread 0x0000000018637000 Exception <a 'java/io/FileNotFoundException'> (0x00000000ebb32390) thrown at [C:\re\workspace\8-2-build-windows-amd64-cygwin\jdk8u191\11896\hotspot\src\share\vm\prims\jni.cpp, line 709]
Event: 0.687 Thread 0x0000000018637000 Exception <a 'java/io/FileNotFoundException'> (0x00000000ebb3a710) thrown at [C:\re\workspace\8-2-build-windows-amd64-cygwin\jdk8u191\11896\hotspot\src\share\vm\prims\jni.cpp, line 709]
Event: 0.688 Thread 0x0000000018637000 Exception <a 'java/io/FileNotFoundException'> (0x00000000ebb42a90) thrown at [C:\re\workspace\8-2-build-windows-amd64-cygwin\jdk8u191\11896\hotspot\src\share\vm\prims\jni.cpp, line 709]
Event: 0.746 Thread 0x0000000018637000 Implicit null exception at 0x00000000031c0bb7 to 0x00000000031c11b1

Events (10 events):
Event: 2.242 loading class com/sun/javafx/font/directwrite/IWICImagingFactory
Event: 2.242 loading class com/sun/javafx/font/directwrite/IWICImagingFactory done
Event: 2.242 loading class com/sun/javafx/font/directwrite/IWICBitmap
Event: 2.242 loading class com/sun/javafx/font/directwrite/IWICBitmap done
Event: 2.242 loading class com/sun/javafx/font/directwrite/D2D1_RENDER_TARGET_PROPERTIES
Event: 2.242 loading class com/sun/javafx/font/directwrite/D2D1_RENDER_TARGET_PROPERTIES done
Event: 2.242 loading class com/sun/javafx/font/directwrite/D2D1_PIXEL_FORMAT
Event: 2.242 loading class com/sun/javafx/font/directwrite/D2D1_PIXEL_FORMAT done
Event: 2.244 loading class com/sun/javafx/font/directwrite/ID2D1Factory
Event: 2.244 loading class com/sun/javafx/font/directwrite/ID2D1Factory done


Dynamic libraries:
0x00007ff668e50000 - 0x00007ff668e87000 	C:\Program Files\Java\jre1.8.0_191\bin\javaw.exe
0x00007ffe106e0000 - 0x00007ffe108c1000 	C:\Windows\SYSTEM32\ntdll.dll
0x00007ffe0fa40000 - 0x00007ffe0faf2000 	C:\Windows\System32\KERNEL32.DLL
0x00007ffe0d780000 - 0x00007ffe0d9f3000 	C:\Windows\System32\KERNELBASE.dll
0x00007ffe100c0000 - 0x00007ffe10161000 	C:\Windows\System32\ADVAPI32.dll
0x00007ffe10170000 - 0x00007ffe1020e000 	C:\Windows\System32\msvcrt.dll
0x00007ffe0f850000 - 0x00007ffe0f8ab000 	C:\Windows\System32\sechost.dll
0x00007ffe0efb0000 - 0x00007ffe0f0d4000 	C:\Windows\System32\RPCRT4.dll
0x00007ffe0f8b0000 - 0x00007ffe0fa40000 	C:\Windows\System32\USER32.dll
0x00007ffe0cc50000 - 0x00007ffe0cc70000 	C:\Windows\System32\win32u.dll
0x00007ffe10540000 - 0x00007ffe10568000 	C:\Windows\System32\GDI32.dll
0x00007ffe0cab0000 - 0x00007ffe0cc42000 	C:\Windows\System32\gdi32full.dll
0x00007ffe0da50000 - 0x00007ffe0daef000 	C:\Windows\System32\msvcp_win.dll
0x00007ffe0d680000 - 0x00007ffe0d77a000 	C:\Windows\System32\ucrtbase.dll
0x00007ffdfb260000 - 0x00007ffdfb4c9000 	C:\Windows\WinSxS\amd64_microsoft.windows.common-controls_6595b64144ccf1df_6.0.17134.407_none_fb449d63306391e9\COMCTL32.dll
0x00007ffe10210000 - 0x00007ffe10532000 	C:\Windows\System32\combase.dll
0x00007ffe0daf0000 - 0x00007ffe0db6a000 	C:\Windows\System32\bcryptPrimitives.dll
0x00007ffe10670000 - 0x00007ffe1069d000 	C:\Windows\System32\IMM32.DLL
0x000000006f720000 - 0x000000006f7f2000 	C:\Program Files\Java\jre1.8.0_191\bin\msvcr100.dll
0x000000006f9d0000 - 0x0000000070274000 	C:\Program Files\Java\jre1.8.0_191\bin\server\jvm.dll
0x00007ffe0fda0000 - 0x00007ffe0fda8000 	C:\Windows\System32\PSAPI.DLL
0x00007ffdfe460000 - 0x00007ffdfe469000 	C:\Windows\SYSTEM32\WSOCK32.dll
0x00007ffe00f70000 - 0x00007ffe00f93000 	C:\Windows\SYSTEM32\WINMM.dll
0x00007ffe018d0000 - 0x00007ffe018da000 	C:\Windows\SYSTEM32\VERSION.dll
0x00007ffe0f0e0000 - 0x00007ffe0f14c000 	C:\Windows\System32\WS2_32.dll
0x00007ffe00f40000 - 0x00007ffe00f6a000 	C:\Windows\SYSTEM32\winmmbase.dll
0x00007ffe0da00000 - 0x00007ffe0da49000 	C:\Windows\System32\cfgmgr32.dll
0x000000006f8e0000 - 0x000000006f8ef000 	C:\Program Files\Java\jre1.8.0_191\bin\verify.dll
0x000000006f8b0000 - 0x000000006f8d9000 	C:\Program Files\Java\jre1.8.0_191\bin\java.dll
0x000000006f890000 - 0x000000006f8a6000 	C:\Program Files\Java\jre1.8.0_191\bin\zip.dll
0x00007ffe0db70000 - 0x00007ffe0efaf000 	C:\Windows\System32\SHELL32.dll
0x00007ffe0f7a0000 - 0x00007ffe0f849000 	C:\Windows\System32\shcore.dll
0x00007ffe0cf70000 - 0x00007ffe0d67d000 	C:\Windows\System32\windows.storage.dll
0x00007ffe0f150000 - 0x00007ffe0f1a1000 	C:\Windows\System32\shlwapi.dll
0x00007ffe0ca60000 - 0x00007ffe0ca71000 	C:\Windows\System32\kernel.appcore.dll
0x00007ffe0ca80000 - 0x00007ffe0ca9f000 	C:\Windows\System32\profapi.dll
0x00007ffe0ca10000 - 0x00007ffe0ca5c000 	C:\Windows\System32\powrprof.dll
0x00007ffe0caa0000 - 0x00007ffe0caaa000 	C:\Windows\System32\FLTLIB.DLL
0x0000000002d90000 - 0x0000000002d93000 	C:\Program Files\Java\jre1.8.0_191\bin\api-ms-win-core-console-l1-1-0.dll
0x0000000002da0000 - 0x0000000002da3000 	C:\Program Files\Java\jre1.8.0_191\bin\api-ms-win-core-datetime-l1-1-0.dll
0x0000000002db0000 - 0x0000000002db3000 	C:\Program Files\Java\jre1.8.0_191\bin\api-ms-win-core-debug-l1-1-0.dll
0x0000000002dc0000 - 0x0000000002dc3000 	C:\Program Files\Java\jre1.8.0_191\bin\api-ms-win-core-errorhandling-l1-1-0.dll
0x0000000002dd0000 - 0x0000000002dd4000 	C:\Program Files\Java\jre1.8.0_191\bin\api-ms-win-core-file-l1-1-0.dll
0x0000000018dd0000 - 0x0000000018dd3000 	C:\Program Files\Java\jre1.8.0_191\bin\api-ms-win-core-file-l1-2-0.dll
0x0000000018de0000 - 0x0000000018de3000 	C:\Program Files\Java\jre1.8.0_191\bin\api-ms-win-core-file-l2-1-0.dll
0x0000000018df0000 - 0x0000000018df3000 	C:\Program Files\Java\jre1.8.0_191\bin\api-ms-win-core-handle-l1-1-0.dll
0x0000000018e00000 - 0x0000000018e03000 	C:\Program Files\Java\jre1.8.0_191\bin\api-ms-win-core-heap-l1-1-0.dll
0x0000000018e10000 - 0x0000000018e13000 	C:\Program Files\Java\jre1.8.0_191\bin\api-ms-win-core-interlocked-l1-1-0.dll
0x0000000018e20000 - 0x0000000018e23000 	C:\Program Files\Java\jre1.8.0_191\bin\api-ms-win-core-libraryloader-l1-1-0.dll
0x0000000018e30000 - 0x0000000018e33000 	C:\Program Files\Java\jre1.8.0_191\bin\api-ms-win-core-localization-l1-2-0.dll
0x0000000018e40000 - 0x0000000018e43000 	C:\Program Files\Java\jre1.8.0_191\bin\api-ms-win-core-memory-l1-1-0.dll
0x0000000018e50000 - 0x0000000018e53000 	C:\Program Files\Java\jre1.8.0_191\bin\api-ms-win-core-namedpipe-l1-1-0.dll
0x0000000018e60000 - 0x0000000018e63000 	C:\Program Files\Java\jre1.8.0_191\bin\api-ms-win-core-processenvironment-l1-1-0.dll
0x0000000018e70000 - 0x0000000018e73000 	C:\Program Files\Java\jre1.8.0_191\bin\api-ms-win-core-processthreads-l1-1-0.dll
0x0000000018e80000 - 0x0000000018e83000 	C:\Program Files\Java\jre1.8.0_191\bin\api-ms-win-core-processthreads-l1-1-1.dll
0x0000000018e90000 - 0x0000000018e93000 	C:\Program Files\Java\jre1.8.0_191\bin\api-ms-win-core-profile-l1-1-0.dll
0x0000000018ea0000 - 0x0000000018ea3000 	C:\Program Files\Java\jre1.8.0_191\bin\api-ms-win-core-rtlsupport-l1-1-0.dll
0x0000000018eb0000 - 0x0000000018eb3000 	C:\Program Files\Java\jre1.8.0_191\bin\api-ms-win-core-string-l1-1-0.dll
0x0000000018ec0000 - 0x0000000018ec3000 	C:\Program Files\Java\jre1.8.0_191\bin\api-ms-win-core-synch-l1-1-0.dll
0x0000000018ed0000 - 0x0000000018ed3000 	C:\Program Files\Java\jre1.8.0_191\bin\api-ms-win-core-synch-l1-2-0.dll
0x0000000018ee0000 - 0x0000000018ee3000 	C:\Program Files\Java\jre1.8.0_191\bin\api-ms-win-core-sysinfo-l1-1-0.dll
0x0000000018ef0000 - 0x0000000018ef3000 	C:\Program Files\Java\jre1.8.0_191\bin\api-ms-win-core-timezone-l1-1-0.dll
0x0000000018f00000 - 0x0000000018f03000 	C:\Program Files\Java\jre1.8.0_191\bin\api-ms-win-core-util-l1-1-0.dll
0x0000000018f10000 - 0x0000000018f13000 	C:\Program Files\Java\jre1.8.0_191\bin\api-ms-win-crt-conio-l1-1-0.dll
0x0000000018f20000 - 0x0000000018f24000 	C:\Program Files\Java\jre1.8.0_191\bin\api-ms-win-crt-convert-l1-1-0.dll
0x0000000018f30000 - 0x0000000018f33000 	C:\Program Files\Java\jre1.8.0_191\bin\api-ms-win-crt-environment-l1-1-0.dll
0x0000000018f40000 - 0x0000000018f43000 	C:\Program Files\Java\jre1.8.0_191\bin\api-ms-win-crt-filesystem-l1-1-0.dll
0x0000000018f50000 - 0x0000000018f53000 	C:\Program Files\Java\jre1.8.0_191\bin\api-ms-win-crt-heap-l1-1-0.dll
0x0000000018f60000 - 0x0000000018f63000 	C:\Program Files\Java\jre1.8.0_191\bin\api-ms-win-crt-locale-l1-1-0.dll
0x0000000018f70000 - 0x0000000018f75000 	C:\Program Files\Java\jre1.8.0_191\bin\api-ms-win-crt-math-l1-1-0.dll
0x0000000018f80000 - 0x0000000018f85000 	C:\Program Files\Java\jre1.8.0_191\bin\api-ms-win-crt-multibyte-l1-1-0.dll
0x0000000018f90000 - 0x0000000018fa0000 	C:\Program Files\Java\jre1.8.0_191\bin\api-ms-win-crt-private-l1-1-0.dll
0x0000000018fa0000 - 0x0000000018fa3000 	C:\Program Files\Java\jre1.8.0_191\bin\api-ms-win-crt-process-l1-1-0.dll
0x0000000018fb0000 - 0x0000000018fb4000 	C:\Program Files\Java\jre1.8.0_191\bin\api-ms-win-crt-runtime-l1-1-0.dll
0x0000000018fc0000 - 0x0000000018fc4000 	C:\Program Files\Java\jre1.8.0_191\bin\api-ms-win-crt-stdio-l1-1-0.dll
0x0000000018fd0000 - 0x0000000018fd4000 	C:\Program Files\Java\jre1.8.0_191\bin\api-ms-win-crt-string-l1-1-0.dll
0x0000000018fe0000 - 0x0000000018fe3000 	C:\Program Files\Java\jre1.8.0_191\bin\api-ms-win-crt-time-l1-1-0.dll
0x0000000018ff0000 - 0x0000000018ff3000 	C:\Program Files\Java\jre1.8.0_191\bin\api-ms-win-crt-utility-l1-1-0.dll
0x00007ffddea70000 - 0x00007ffddeb66000 	C:\Program Files\Java\jre1.8.0_191\bin\ucrtbase.dll
0x00007ffde5750000 - 0x00007ffde5766000 	C:\Program Files\Java\jre1.8.0_191\bin\vcruntime140.dll
0x00007ffddfef0000 - 0x00007ffddff8c000 	C:\Program Files\Java\jre1.8.0_191\bin\msvcp140.dll
0x00007ffde28d0000 - 0x00007ffde2921000 	C:\Program Files\Java\jre1.8.0_191\bin\concrt140.dll
0x000000006f6f0000 - 0x000000006f713000 	C:\Program Files\Java\jre1.8.0_191\bin\prism_d3d.dll
0x00007ffde2b40000 - 0x00007ffde2cd7000 	C:\Windows\system32\d3d9.dll
0x00007ffe0ac30000 - 0x00007ffe0ac59000 	C:\Windows\SYSTEM32\dwmapi.dll
0x00007ffe0a380000 - 0x00007ffe0a418000 	C:\Windows\system32\uxtheme.dll
0x00007ffddd950000 - 0x00007ffdddb27000 	C:\Windows\System32\DriverStore\FileRepository\igdlh64.inf_amd64_250db833a1cd577e\igdumdim64.dll
0x00007ffdb0f60000 - 0x00007ffdb3f5d000 	C:\Windows\System32\DriverStore\FileRepository\igdlh64.inf_amd64_250db833a1cd577e\igd9dxva64.dll
0x00007ffe0fc40000 - 0x00007ffe0fd91000 	C:\Windows\System32\ole32.dll
0x00007ffe10590000 - 0x00007ffe10652000 	C:\Windows\System32\OLEAUT32.dll
0x000000006f6a0000 - 0x000000006f6e9000 	C:\Program Files\Java\jre1.8.0_191\bin\glass.dll
0x00007ffe0fdb0000 - 0x00007ffe0fe9d000 	C:\Windows\System32\COMDLG32.dll
0x00007ffe0fea0000 - 0x00007ffe10013000 	C:\Windows\System32\MSCTF.dll
0x00007ffdf7270000 - 0x00007ffdf9005000 	C:\Windows\System32\DriverStore\FileRepository\igdlh64.inf_amd64_250db833a1cd577e\igc64.dll
0x000000006f680000 - 0x000000006f694000 	C:\Program Files\Java\jre1.8.0_191\bin\javafx_font.dll
0x00007ffdf6b20000 - 0x00007ffdf6e3c000 	C:\Windows\SYSTEM32\dwrite.dll
0x00007ffe10020000 - 0x00007ffe100c0000 	C:\Windows\System32\clbcatq.dll
0x00007ffe0a1d0000 - 0x00007ffe0a37e000 	C:\Windows\SYSTEM32\WindowsCodecs.dll
0x00007ffe026d0000 - 0x00007ffe02728000 	C:\Windows\system32\dataexchange.dll
0x00007ffe095d0000 - 0x00007ffe098db000 	C:\Windows\system32\d3d11.dll
0x00007ffe083e0000 - 0x00007ffe0857c000 	C:\Windows\system32\dcomp.dll
0x00007ffe0b7b0000 - 0x00007ffe0b86b000 	C:\Windows\system32\dxgi.dll
0x00007ffe0af00000 - 0x00007ffe0b0b8000 	C:\Windows\system32\twinapi.appcore.dll
0x00007ffe0aed0000 - 0x00007ffe0aef1000 	C:\Windows\system32\RMCLIENT.dll
0x00007ffde3830000 - 0x00007ffde3864000 	C:\Program Files\Common Files\Microsoft Shared\Ink\rtscom.dll
0x00007ffdfe5b0000 - 0x00007ffdfe646000 	C:\Windows\System32\TextInputFramework.dll
0x00007ffe00460000 - 0x00007ffe0077e000 	C:\Windows\System32\CoreUIComponents.dll
0x00007ffe08630000 - 0x00007ffe0870a000 	C:\Windows\System32\CoreMessaging.dll
0x00007ffe0bae0000 - 0x00007ffe0bb11000 	C:\Windows\SYSTEM32\ntmarta.dll
0x00007ffe09b80000 - 0x00007ffe09ccd000 	C:\Windows\SYSTEM32\wintypes.dll
0x00007ffe07e10000 - 0x00007ffe083d7000 	C:\Windows\SYSTEM32\d2d1.dll
0x00007ffdceb20000 - 0x00007ffdcf29e000 	C:\Windows\SYSTEM32\D3D10Warp.dll

VM Arguments:
jvm_args: -Dfile.encoding=Cp1252 
java_command: application.Main
java_class_path (initial): C:\Users\Taan\Documents\eclipse-workspace\Highrich\bin;C:\Users\Taan\.p2\pool\plugins\org.eclipse.fx.ide.css.jfx8_3.0.0.201705220750.jar
Launcher Type: SUN_STANDARD

Environment Variables:
PATH=C:/Program Files/Java/jre1.8.0_191/bin/server;C:/Program Files/Java/jre1.8.0_191/bin;C:/Program Files/Java/jre1.8.0_191/lib/amd64;C:\Program Files (x86)\Common Files\Oracle\Java\javapath;C:\Program Files (x86)\Intel\Intel(R) Management Engine Components\iCLS\;C:\Program Files\Intel\Intel(R) Management Engine Components\iCLS\;C:\Windows\system32;C:\Windows;C:\Windows\System32\Wbem;C:\Windows\System32\WindowsPowerShell\v1.0\;C:\Windows\System32\OpenSSH\;C:\Program Files\Intel\WiFi\bin\;C:\Program Files\Common Files\Intel\WirelessCommon\;C:\Program Files (x86)\Intel\Intel(R) Management Engine Components\DAL;C:\Program Files\Intel\Intel(R) Management Engine Components\DAL;C:\Program Files (x86)\Intel\Intel(R) Management Engine Components\IPT;C:\Program Files\Intel\Intel(R) Management Engine Components\IPT;C:\Program Files\Git\cmd;C:\Program Files\Java\jre1.8.0_181\bin;C:\Program Files (x86)\Graphviz2.38\bin;C:\Users\Taan\AppData\Local\Programs\Python\Python36\Scripts\;C:\Users\Taan\AppData\Local\Programs\Python\Python36\;C:\Users\Taan\AppData\Local\Microsoft\WindowsApps;C:\Program Files\Intel\WiFi\bin\;C:\Program Files\Common Files\Intel\WirelessCommon\;C:\Users\Taan\AppData\Local\Programs\Microsoft VS Code\bin;C:\Program Files (x86)\FFmpeg\ffmpeg-20181118-8f875a9-win64-static\bin;C:\Program Files (x86)\Graphviz2.38\bin;;C:\Users\Taan\Desktop;
USERNAME=Taan
OS=Windows_NT
PROCESSOR_IDENTIFIER=Intel64 Family 6 Model 142 Stepping 10, GenuineIntel



---------------  S Y S T E M  ---------------

OS: Windows 10.0 , 64 bit Build 17134 (10.0.17134.1)

CPU:total 8 (initial active 8) (4 cores per cpu, 2 threads per core) family 6 model 142 stepping 10, cmov, cx8, fxsr, mmx, sse, sse2, sse3, ssse3, sse4.1, sse4.2, popcnt, avx, avx2, aes, clmul, erms, 3dnowpref, lzcnt, ht, tsc, tscinvbit, bmi1, bmi2, adx

Memory: 4k page, physical 4074916k(378768k free), swap 16657828k(4360k free)

vm_info: Java HotSpot(TM) 64-Bit Server VM (25.191-b12) for windows-amd64 JRE (1.8.0_191-b12), built on Oct  6 2018 09:29:03 by "java_re" with MS VC++ 10.0 (VS2010)

time: Tue Nov 27 13:43:48 2018
elapsed time: 2 seconds (0d 0h 0m 2s)

