#
# There is insufficient memory for the Java Runtime Environment to continue.
# Native memory allocation (malloc) failed to allocate 1793936 bytes for Chunk::new
# Possible reasons:
#   The system is out of physical RAM or swap space
#   In 32 bit mode, the process size limit was hit
# Possible solutions:
#   Reduce memory load on the system
#   Increase physical memory or swap space
#   Check if swap backing store is full
#   Use 64 bit Java on a 64 bit OS
#   Decrease Java heap size (-Xmx/-Xms)
#   Decrease number of Java threads
#   Decrease Java thread stack sizes (-Xss)
#   Set larger code cache with -XX:ReservedCodeCacheSize=
# This output file may be truncated or incomplete.
#
#  Out of Memory Error (allocation.cpp:390), pid=26592, tid=0x0000000000007a00
#
# JRE version: Java(TM) SE Runtime Environment (8.0_191-b12) (build 1.8.0_191-b12)
# Java VM: Java HotSpot(TM) 64-Bit Server VM (25.191-b12 mixed mode windows-amd64 compressed oops)
# Failed to write core dump. Minidumps are not enabled by default on client versions of Windows
#

---------------  T H R E A D  ---------------

Current thread (0x00000000178cd000):  JavaThread "C2 CompilerThread0" daemon [_thread_in_native, id=31232, stack(0x0000000018090000,0x0000000018190000)]

Stack: [0x0000000018090000,0x0000000018190000]
[error occurred during error reporting (printing stack bounds), id 0xc0000005]

Native frames: (J=compiled Java code, j=interpreted, Vv=VM code, C=native code)


Current CompileTask:
C2:   1116  866       4       java.io.DataInputStream::readShort (40 bytes)


---------------  P R O C E S S  ---------------

Java Threads: ( => current thread )
  0x0000000021286800 JavaThread "Prism Font Disposer" daemon [_thread_blocked, id=25436, stack(0x0000000023130000,0x0000000023230000)]
  0x00000000187e8000 JavaThread "Thread-3" daemon [_thread_in_native, id=30692, stack(0x0000000020b20000,0x0000000020c20000)]
  0x0000000018752800 JavaThread "JavaFX-Launcher" [_thread_blocked, id=24004, stack(0x0000000020d20000,0x0000000020e20000)]
  0x0000000018721800 JavaThread "JavaFX Application Thread" [_thread_in_native, id=16148, stack(0x0000000019d80000,0x0000000019e80000)]
  0x0000000018732000 JavaThread "Thread-1" daemon [_thread_blocked, id=7872, stack(0x0000000019c80000,0x0000000019d80000)]
  0x0000000018734000 JavaThread "QuantumRenderer-0" daemon [_thread_blocked, id=30100, stack(0x0000000019030000,0x0000000019130000)]
  0x0000000017967800 JavaThread "Service Thread" daemon [_thread_blocked, id=24172, stack(0x0000000018490000,0x0000000018590000)]
  0x00000000178e1800 JavaThread "C1 CompilerThread3" daemon [_thread_blocked, id=25852, stack(0x0000000018390000,0x0000000018490000)]
  0x00000000178d3000 JavaThread "C2 CompilerThread2" daemon [_thread_blocked, id=17020, stack(0x0000000018290000,0x0000000018390000)]
  0x00000000178cf800 JavaThread "C2 CompilerThread1" daemon [_thread_in_native, id=19212, stack(0x0000000018190000,0x0000000018290000)]
=>0x00000000178cd000 JavaThread "C2 CompilerThread0" daemon [_thread_in_native, id=31232, stack(0x0000000018090000,0x0000000018190000)]
  0x00000000178cb000 JavaThread "Attach Listener" daemon [_thread_blocked, id=20000, stack(0x0000000017f90000,0x0000000018090000)]
  0x00000000178ca000 JavaThread "Signal Dispatcher" daemon [_thread_blocked, id=17576, stack(0x0000000017e90000,0x0000000017f90000)]
  0x0000000002ec9000 JavaThread "Finalizer" daemon [_thread_blocked, id=23768, stack(0x0000000017ca0000,0x0000000017da0000)]
  0x0000000002ec8000 JavaThread "Reference Handler" daemon [_thread_blocked, id=29480, stack(0x00000000177a0000,0x00000000178a0000)]
  0x0000000002fae000 JavaThread "main" [_thread_blocked, id=20392, stack(0x0000000002ca0000,0x0000000002da0000)]

Other Threads:
  0x00000000159c9000 VMThread [stack: 0x00000000176a0000,0x00000000177a0000] [id=26532]
  0x000000001796a000 WatcherThread [stack: 0x0000000018590000,0x0000000018690000] [id=13804]

VM state:not at safepoint (normal execution)

VM Mutex/Monitor currently owned by a thread: None

Heap:
 PSYoungGen      total 18944K, used 18544K [0x00000000eb400000, 0x00000000ec900000, 0x0000000100000000)
  eden space 16384K, 97% used [0x00000000eb400000,0x00000000ec3a25b8,0x00000000ec400000)
  from space 2560K, 99% used [0x00000000ec400000,0x00000000ec679cd0,0x00000000ec680000)
  to   space 2560K, 0% used [0x00000000ec680000,0x00000000ec680000,0x00000000ec900000)
 ParOldGen       total 44032K, used 24218K [0x00000000c1c00000, 0x00000000c4700000, 0x00000000eb400000)
  object space 44032K, 55% used [0x00000000c1c00000,0x00000000c33a6890,0x00000000c4700000)
 Metaspace       used 12080K, capacity 12572K, committed 12672K, reserved 1060864K
  class space    used 1700K, capacity 1850K, committed 1920K, reserved 1048576K

Card table byte_map: [0x0000000012370000,0x0000000012570000] byte_map_base: 0x0000000011d62000

Marking Bits: (ParMarkBitMap*) 0x00000000701f3e30
 Begin Bits: [0x0000000012ec0000, 0x0000000013e50000)
 End Bits:   [0x0000000013e50000, 0x0000000014de0000)

Polling page: 0x0000000000e50000

CodeCache: size=245760Kb used=3584Kb max_used=3584Kb free=242175Kb
 bounds [0x0000000002fb0000, 0x0000000003340000, 0x0000000011fb0000]
 total_blobs=1537 nmethods=932 adapters=518
 compilation: enabled

Compilation events (10 events):
Event: 1.096 Thread 0x00000000178e1800  932   !   3       sun.net.www.ParseUtil::decode (316 bytes)
Event: 1.104 Thread 0x00000000178e1800 nmethod 932 0x0000000003329c90 code [0x000000000332a1a0, 0x000000000332db28]
Event: 1.104 Thread 0x00000000178e1800  934       3       sun.nio.cs.SingleByte$Encoder::encode (32 bytes)
Event: 1.104 Thread 0x00000000178e1800 nmethod 934 0x0000000003325110 code [0x0000000003325280, 0x0000000003325490]
Event: 1.104 Thread 0x00000000178e1800  936       3       java.nio.charset.CoderResult::isUnderflow (13 bytes)
Event: 1.104 Thread 0x00000000178e1800 nmethod 936 0x0000000003324d90 code [0x0000000003324ee0, 0x0000000003325090]
Event: 1.104 Thread 0x00000000178e1800  933       3       java.lang.ref.SoftReference::<init> (13 bytes)
Event: 1.105 Thread 0x00000000178e1800 nmethod 933 0x0000000003324750 code [0x00000000033248c0, 0x0000000003324bb0]
Event: 1.105 Thread 0x00000000178e1800  935       3       java.lang.AbstractStringBuilder::append (62 bytes)
Event: 1.105 Thread 0x00000000178e1800 nmethod 935 0x000000000332fed0 code [0x00000000033300c0, 0x00000000033309f8]

GC Heap History (2 events):
Event: 0.635 GC heap before
{Heap before GC invocations=1 (full 0):
 PSYoungGen      total 18944K, used 16342K [0x00000000eb400000, 0x00000000ec900000, 0x0000000100000000)
  eden space 16384K, 99% used [0x00000000eb400000,0x00000000ec3f5ad8,0x00000000ec400000)
  from space 2560K, 0% used [0x00000000ec680000,0x00000000ec680000,0x00000000ec900000)
  to   space 2560K, 0% used [0x00000000ec400000,0x00000000ec400000,0x00000000ec680000)
 ParOldGen       total 44032K, used 23734K [0x00000000c1c00000, 0x00000000c4700000, 0x00000000eb400000)
  object space 44032K, 53% used [0x00000000c1c00000,0x00000000c332db50,0x00000000c4700000)
 Metaspace       used 8977K, capacity 9342K, committed 9600K, reserved 1056768K
  class space    used 1211K, capacity 1299K, committed 1408K, reserved 1048576K
Event: 0.637 GC heap after
Heap after GC invocations=1 (full 0):
 PSYoungGen      total 18944K, used 2535K [0x00000000eb400000, 0x00000000ec900000, 0x0000000100000000)
  eden space 16384K, 0% used [0x00000000eb400000,0x00000000eb400000,0x00000000ec400000)
  from space 2560K, 99% used [0x00000000ec400000,0x00000000ec679cd0,0x00000000ec680000)
  to   space 2560K, 0% used [0x00000000ec680000,0x00000000ec680000,0x00000000ec900000)
 ParOldGen       total 44032K, used 24218K [0x00000000c1c00000, 0x00000000c4700000, 0x00000000eb400000)
  object space 44032K, 55% used [0x00000000c1c00000,0x00000000c33a6890,0x00000000c4700000)
 Metaspace       used 8977K, capacity 9342K, committed 9600K, reserved 1056768K
  class space    used 1211K, capacity 1299K, committed 1408K, reserved 1048576K
}

Deoptimization events (10 events):
Event: 0.847 Thread 0x0000000018721800 Uncommon trap: reason=class_check action=maybe_recompile pc=0x0000000003245db0 method=java.io.FilterInputStream.read([B)I @ 5
Event: 0.847 Thread 0x0000000018721800 Uncommon trap: reason=class_check action=maybe_recompile pc=0x0000000003245db0 method=java.io.FilterInputStream.read([B)I @ 5
Event: 0.926 Thread 0x0000000018721800 Uncommon trap: reason=class_check action=maybe_recompile pc=0x00000000030ce0a8 method=java.lang.String.equals(Ljava/lang/Object;)Z @ 8
Event: 0.926 Thread 0x0000000018721800 Uncommon trap: reason=class_check action=maybe_recompile pc=0x00000000030ce0a8 method=java.lang.String.equals(Ljava/lang/Object;)Z @ 8
Event: 0.926 Thread 0x0000000018721800 Uncommon trap: reason=class_check action=maybe_recompile pc=0x00000000030ce0a8 method=java.lang.String.equals(Ljava/lang/Object;)Z @ 8
Event: 0.952 Thread 0x0000000018721800 Uncommon trap: reason=class_check action=maybe_recompile pc=0x0000000003258c5c method=java.util.regex.Pattern$CharProperty.match(Ljava/util/regex/Matcher;ILjava/lang/CharSequence;)Z @ 37
Event: 0.955 Thread 0x0000000018721800 Uncommon trap: reason=class_check action=maybe_recompile pc=0x0000000003258c5c method=java.util.regex.Pattern$CharProperty.match(Ljava/util/regex/Matcher;ILjava/lang/CharSequence;)Z @ 37
Event: 0.957 Thread 0x0000000018721800 Uncommon trap: reason=class_check action=maybe_recompile pc=0x0000000003258c5c method=java.util.regex.Pattern$CharProperty.match(Ljava/util/regex/Matcher;ILjava/lang/CharSequence;)Z @ 37
Event: 0.957 Thread 0x0000000018721800 Uncommon trap: reason=class_check action=maybe_recompile pc=0x0000000003258c5c method=java.util.regex.Pattern$CharProperty.match(Ljava/util/regex/Matcher;ILjava/lang/CharSequence;)Z @ 37
Event: 0.994 Thread 0x0000000018734000 Uncommon trap: reason=unstable_if action=reinterpret pc=0x0000000003273178 method=sun.net.www.ParseUtil.encodePath(Ljava/lang/String;Z)Ljava/lang/String; @ 109

Classes redefined (0 events):
No events

Internal exceptions (10 events):
Event: 0.692 Thread 0x0000000018721800 Exception <a 'java/io/FileNotFoundException'> (0x00000000ebb00a10) thrown at [C:\re\workspace\8-2-build-windows-amd64-cygwin\jdk8u191\11896\hotspot\src\share\vm\prims\jni.cpp, line 709]
Event: 0.693 Thread 0x0000000018721800 Exception <a 'java/io/FileNotFoundException'> (0x00000000ebb092d0) thrown at [C:\re\workspace\8-2-build-windows-amd64-cygwin\jdk8u191\11896\hotspot\src\share\vm\prims\jni.cpp, line 709]
Event: 0.693 Thread 0x0000000018721800 Exception <a 'java/io/FileNotFoundException'> (0x00000000ebb11618) thrown at [C:\re\workspace\8-2-build-windows-amd64-cygwin\jdk8u191\11896\hotspot\src\share\vm\prims\jni.cpp, line 709]
Event: 0.694 Thread 0x0000000018721800 Exception <a 'java/io/FileNotFoundException'> (0x00000000ebb19960) thrown at [C:\re\workspace\8-2-build-windows-amd64-cygwin\jdk8u191\11896\hotspot\src\share\vm\prims\jni.cpp, line 709]
Event: 0.694 Thread 0x0000000018721800 Exception <a 'java/io/FileNotFoundException'> (0x00000000ebb21ca8) thrown at [C:\re\workspace\8-2-build-windows-amd64-cygwin\jdk8u191\11896\hotspot\src\share\vm\prims\jni.cpp, line 709]
Event: 0.694 Thread 0x0000000018721800 Exception <a 'java/io/FileNotFoundException'> (0x00000000ebb2a010) thrown at [C:\re\workspace\8-2-build-windows-amd64-cygwin\jdk8u191\11896\hotspot\src\share\vm\prims\jni.cpp, line 709]
Event: 0.695 Thread 0x0000000018721800 Exception <a 'java/io/FileNotFoundException'> (0x00000000ebb32390) thrown at [C:\re\workspace\8-2-build-windows-amd64-cygwin\jdk8u191\11896\hotspot\src\share\vm\prims\jni.cpp, line 709]
Event: 0.695 Thread 0x0000000018721800 Exception <a 'java/io/FileNotFoundException'> (0x00000000ebb3a710) thrown at [C:\re\workspace\8-2-build-windows-amd64-cygwin\jdk8u191\11896\hotspot\src\share\vm\prims\jni.cpp, line 709]
Event: 0.696 Thread 0x0000000018721800 Exception <a 'java/io/FileNotFoundException'> (0x00000000ebb42a90) thrown at [C:\re\workspace\8-2-build-windows-amd64-cygwin\jdk8u191\11896\hotspot\src\share\vm\prims\jni.cpp, line 709]
Event: 0.756 Thread 0x0000000018721800 Implicit null exception at 0x000000000328b4f7 to 0x000000000328baf1

Events (10 events):
Event: 1.096 loading class com/sun/prism/impl/ps/BaseShaderContext$1
Event: 1.096 loading class com/sun/prism/impl/ps/BaseShaderContext$1 done
Event: 1.097 loading class com/sun/prism/shader/Solid_TextureRGB_Loader
Event: 1.097 loading class com/sun/prism/shader/Solid_TextureRGB_Loader done
Event: 1.099 loading class java/lang/Throwable$WrappedPrintStream
Event: 1.099 loading class java/lang/Throwable$PrintStreamOrWriter
Event: 1.099 loading class java/lang/Throwable$PrintStreamOrWriter done
Event: 1.099 loading class java/lang/Throwable$WrappedPrintStream done
Event: 1.099 loading class java/util/IdentityHashMap$KeySet
Event: 1.099 loading class java/util/IdentityHashMap$KeySet done


Dynamic libraries:
0x00007ff668e50000 - 0x00007ff668e87000 	C:\Program Files\Java\jre1.8.0_191\bin\javaw.exe
0x00007ffe106e0000 - 0x00007ffe108c1000 	C:\Windows\SYSTEM32\ntdll.dll
0x00007ffe0fa40000 - 0x00007ffe0faf2000 	C:\Windows\System32\KERNEL32.DLL
0x00007ffe0d780000 - 0x00007ffe0d9f3000 	C:\Windows\System32\KERNELBASE.dll
0x00007ffe100c0000 - 0x00007ffe10161000 	C:\Windows\System32\ADVAPI32.dll
0x00007ffe10170000 - 0x00007ffe1020e000 	C:\Windows\System32\msvcrt.dll
0x00007ffe0f850000 - 0x00007ffe0f8ab000 	C:\Windows\System32\sechost.dll
0x00007ffe0efb0000 - 0x00007ffe0f0d4000 	C:\Windows\System32\RPCRT4.dll
0x00007ffe0f8b0000 - 0x00007ffe0fa40000 	C:\Windows\System32\USER32.dll
0x00007ffe0cc50000 - 0x00007ffe0cc70000 	C:\Windows\System32\win32u.dll
0x00007ffe10540000 - 0x00007ffe10568000 	C:\Windows\System32\GDI32.dll
0x00007ffe0cab0000 - 0x00007ffe0cc42000 	C:\Windows\System32\gdi32full.dll
0x00007ffe0da50000 - 0x00007ffe0daef000 	C:\Windows\System32\msvcp_win.dll
0x00007ffe0d680000 - 0x00007ffe0d77a000 	C:\Windows\System32\ucrtbase.dll
0x00007ffdfb260000 - 0x00007ffdfb4c9000 	C:\Windows\WinSxS\amd64_microsoft.windows.common-controls_6595b64144ccf1df_6.0.17134.407_none_fb449d63306391e9\COMCTL32.dll
0x00007ffe10210000 - 0x00007ffe10532000 	C:\Windows\System32\combase.dll
0x00007ffe0daf0000 - 0x00007ffe0db6a000 	C:\Windows\System32\bcryptPrimitives.dll
0x00007ffe10670000 - 0x00007ffe1069d000 	C:\Windows\System32\IMM32.DLL
0x000000006f720000 - 0x000000006f7f2000 	C:\Program Files\Java\jre1.8.0_191\bin\msvcr100.dll
0x000000006f9d0000 - 0x0000000070274000 	C:\Program Files\Java\jre1.8.0_191\bin\server\jvm.dll
0x00007ffe0fda0000 - 0x00007ffe0fda8000 	C:\Windows\System32\PSAPI.DLL
0x00007ffdfe460000 - 0x00007ffdfe469000 	C:\Windows\SYSTEM32\WSOCK32.dll
0x00007ffe018d0000 - 0x00007ffe018da000 	C:\Windows\SYSTEM32\VERSION.dll
0x00007ffe00f70000 - 0x00007ffe00f93000 	C:\Windows\SYSTEM32\WINMM.dll
0x00007ffe0f0e0000 - 0x00007ffe0f14c000 	C:\Windows\System32\WS2_32.dll
0x00007ffe00f40000 - 0x00007ffe00f6a000 	C:\Windows\SYSTEM32\winmmbase.dll
0x00007ffe0da00000 - 0x00007ffe0da49000 	C:\Windows\System32\cfgmgr32.dll
0x000000006f8e0000 - 0x000000006f8ef000 	C:\Program Files\Java\jre1.8.0_191\bin\verify.dll
0x000000006f8b0000 - 0x000000006f8d9000 	C:\Program Files\Java\jre1.8.0_191\bin\java.dll
0x000000006f890000 - 0x000000006f8a6000 	C:\Program Files\Java\jre1.8.0_191\bin\zip.dll
0x00007ffe0db70000 - 0x00007ffe0efaf000 	C:\Windows\System32\SHELL32.dll
0x00007ffe0f7a0000 - 0x00007ffe0f849000 	C:\Windows\System32\shcore.dll
0x00007ffe0cf70000 - 0x00007ffe0d67d000 	C:\Windows\System32\windows.storage.dll
0x00007ffe0f150000 - 0x00007ffe0f1a1000 	C:\Windows\System32\shlwapi.dll
0x00007ffe0ca60000 - 0x00007ffe0ca71000 	C:\Windows\System32\kernel.appcore.dll
0x00007ffe0ca80000 - 0x00007ffe0ca9f000 	C:\Windows\System32\profapi.dll
0x00007ffe0ca10000 - 0x00007ffe0ca5c000 	C:\Windows\System32\powrprof.dll
0x00007ffe0caa0000 - 0x00007ffe0caaa000 	C:\Windows\System32\FLTLIB.DLL
0x0000000002db0000 - 0x0000000002db3000 	C:\Program Files\Java\jre1.8.0_191\bin\api-ms-win-core-console-l1-1-0.dll
0x0000000002ed0000 - 0x0000000002ed3000 	C:\Program Files\Java\jre1.8.0_191\bin\api-ms-win-core-datetime-l1-1-0.dll
0x0000000002ee0000 - 0x0000000002ee3000 	C:\Program Files\Java\jre1.8.0_191\bin\api-ms-win-core-debug-l1-1-0.dll
0x0000000002ef0000 - 0x0000000002ef3000 	C:\Program Files\Java\jre1.8.0_191\bin\api-ms-win-core-errorhandling-l1-1-0.dll
0x0000000002f00000 - 0x0000000002f04000 	C:\Program Files\Java\jre1.8.0_191\bin\api-ms-win-core-file-l1-1-0.dll
0x0000000002f10000 - 0x0000000002f13000 	C:\Program Files\Java\jre1.8.0_191\bin\api-ms-win-core-file-l1-2-0.dll
0x0000000002f20000 - 0x0000000002f23000 	C:\Program Files\Java\jre1.8.0_191\bin\api-ms-win-core-file-l2-1-0.dll
0x0000000002f30000 - 0x0000000002f33000 	C:\Program Files\Java\jre1.8.0_191\bin\api-ms-win-core-handle-l1-1-0.dll
0x0000000002f40000 - 0x0000000002f43000 	C:\Program Files\Java\jre1.8.0_191\bin\api-ms-win-core-heap-l1-1-0.dll
0x0000000002f50000 - 0x0000000002f53000 	C:\Program Files\Java\jre1.8.0_191\bin\api-ms-win-core-interlocked-l1-1-0.dll
0x0000000002f60000 - 0x0000000002f63000 	C:\Program Files\Java\jre1.8.0_191\bin\api-ms-win-core-libraryloader-l1-1-0.dll
0x0000000002f70000 - 0x0000000002f73000 	C:\Program Files\Java\jre1.8.0_191\bin\api-ms-win-core-localization-l1-2-0.dll
0x0000000002f80000 - 0x0000000002f83000 	C:\Program Files\Java\jre1.8.0_191\bin\api-ms-win-core-memory-l1-1-0.dll
0x0000000002f90000 - 0x0000000002f93000 	C:\Program Files\Java\jre1.8.0_191\bin\api-ms-win-core-namedpipe-l1-1-0.dll
0x0000000018e90000 - 0x0000000018e93000 	C:\Program Files\Java\jre1.8.0_191\bin\api-ms-win-core-processenvironment-l1-1-0.dll
0x0000000018ea0000 - 0x0000000018ea3000 	C:\Program Files\Java\jre1.8.0_191\bin\api-ms-win-core-processthreads-l1-1-0.dll
0x0000000018eb0000 - 0x0000000018eb3000 	C:\Program Files\Java\jre1.8.0_191\bin\api-ms-win-core-processthreads-l1-1-1.dll
0x0000000018ec0000 - 0x0000000018ec3000 	C:\Program Files\Java\jre1.8.0_191\bin\api-ms-win-core-profile-l1-1-0.dll
0x0000000018ed0000 - 0x0000000018ed3000 	C:\Program Files\Java\jre1.8.0_191\bin\api-ms-win-core-rtlsupport-l1-1-0.dll
0x0000000018ee0000 - 0x0000000018ee3000 	C:\Program Files\Java\jre1.8.0_191\bin\api-ms-win-core-string-l1-1-0.dll
0x0000000018ef0000 - 0x0000000018ef3000 	C:\Program Files\Java\jre1.8.0_191\bin\api-ms-win-core-synch-l1-1-0.dll
0x0000000018f00000 - 0x0000000018f03000 	C:\Program Files\Java\jre1.8.0_191\bin\api-ms-win-core-synch-l1-2-0.dll
0x0000000018f10000 - 0x0000000018f13000 	C:\Program Files\Java\jre1.8.0_191\bin\api-ms-win-core-sysinfo-l1-1-0.dll
0x0000000018f20000 - 0x0000000018f23000 	C:\Program Files\Java\jre1.8.0_191\bin\api-ms-win-core-timezone-l1-1-0.dll
0x0000000018f30000 - 0x0000000018f33000 	C:\Program Files\Java\jre1.8.0_191\bin\api-ms-win-core-util-l1-1-0.dll
0x0000000018f40000 - 0x0000000018f43000 	C:\Program Files\Java\jre1.8.0_191\bin\api-ms-win-crt-conio-l1-1-0.dll
0x0000000018f50000 - 0x0000000018f54000 	C:\Program Files\Java\jre1.8.0_191\bin\api-ms-win-crt-convert-l1-1-0.dll
0x0000000018f60000 - 0x0000000018f63000 	C:\Program Files\Java\jre1.8.0_191\bin\api-ms-win-crt-environment-l1-1-0.dll
0x0000000018f70000 - 0x0000000018f73000 	C:\Program Files\Java\jre1.8.0_191\bin\api-ms-win-crt-filesystem-l1-1-0.dll
0x0000000018f80000 - 0x0000000018f83000 	C:\Program Files\Java\jre1.8.0_191\bin\api-ms-win-crt-heap-l1-1-0.dll
0x0000000018f90000 - 0x0000000018f93000 	C:\Program Files\Java\jre1.8.0_191\bin\api-ms-win-crt-locale-l1-1-0.dll
0x0000000018fa0000 - 0x0000000018fa5000 	C:\Program Files\Java\jre1.8.0_191\bin\api-ms-win-crt-math-l1-1-0.dll
0x0000000018fb0000 - 0x0000000018fb5000 	C:\Program Files\Java\jre1.8.0_191\bin\api-ms-win-crt-multibyte-l1-1-0.dll
0x0000000018fc0000 - 0x0000000018fd0000 	C:\Program Files\Java\jre1.8.0_191\bin\api-ms-win-crt-private-l1-1-0.dll
0x0000000018fd0000 - 0x0000000018fd3000 	C:\Program Files\Java\jre1.8.0_191\bin\api-ms-win-crt-process-l1-1-0.dll
0x0000000018fe0000 - 0x0000000018fe4000 	C:\Program Files\Java\jre1.8.0_191\bin\api-ms-win-crt-runtime-l1-1-0.dll
0x0000000018ff0000 - 0x0000000018ff4000 	C:\Program Files\Java\jre1.8.0_191\bin\api-ms-win-crt-stdio-l1-1-0.dll
0x0000000019000000 - 0x0000000019004000 	C:\Program Files\Java\jre1.8.0_191\bin\api-ms-win-crt-string-l1-1-0.dll
0x0000000019010000 - 0x0000000019013000 	C:\Program Files\Java\jre1.8.0_191\bin\api-ms-win-crt-time-l1-1-0.dll
0x0000000019020000 - 0x0000000019023000 	C:\Program Files\Java\jre1.8.0_191\bin\api-ms-win-crt-utility-l1-1-0.dll
0x00007ffddea70000 - 0x00007ffddeb66000 	C:\Program Files\Java\jre1.8.0_191\bin\ucrtbase.dll
0x00007ffde5750000 - 0x00007ffde5766000 	C:\Program Files\Java\jre1.8.0_191\bin\vcruntime140.dll
0x00007ffddfef0000 - 0x00007ffddff8c000 	C:\Program Files\Java\jre1.8.0_191\bin\msvcp140.dll
0x00007ffde28d0000 - 0x00007ffde2921000 	C:\Program Files\Java\jre1.8.0_191\bin\concrt140.dll
0x000000006f6f0000 - 0x000000006f713000 	C:\Program Files\Java\jre1.8.0_191\bin\prism_d3d.dll
0x00007ffde2b40000 - 0x00007ffde2cd7000 	C:\Windows\system32\d3d9.dll
0x00007ffe0ac30000 - 0x00007ffe0ac59000 	C:\Windows\SYSTEM32\dwmapi.dll
0x00007ffe0a380000 - 0x00007ffe0a418000 	C:\Windows\system32\uxtheme.dll
0x00007ffde2460000 - 0x00007ffde2637000 	C:\Windows\System32\DriverStore\FileRepository\igdlh64.inf_amd64_250db833a1cd577e\igdumdim64.dll
0x00007ffdb0f60000 - 0x00007ffdb3f5d000 	C:\Windows\System32\DriverStore\FileRepository\igdlh64.inf_amd64_250db833a1cd577e\igd9dxva64.dll
0x00007ffe0fc40000 - 0x00007ffe0fd91000 	C:\Windows\System32\ole32.dll
0x00007ffe10590000 - 0x00007ffe10652000 	C:\Windows\System32\OLEAUT32.dll
0x000000006f6a0000 - 0x000000006f6e9000 	C:\Program Files\Java\jre1.8.0_191\bin\glass.dll
0x00007ffe0fdb0000 - 0x00007ffe0fe9d000 	C:\Windows\System32\COMDLG32.dll
0x00007ffe0fea0000 - 0x00007ffe10013000 	C:\Windows\System32\MSCTF.dll
0x00007ffdf7270000 - 0x00007ffdf9005000 	C:\Windows\System32\DriverStore\FileRepository\igdlh64.inf_amd64_250db833a1cd577e\igc64.dll
0x000000006f680000 - 0x000000006f694000 	C:\Program Files\Java\jre1.8.0_191\bin\javafx_font.dll
0x00007ffdf6b20000 - 0x00007ffdf6e3c000 	C:\Windows\SYSTEM32\dwrite.dll
0x00007ffe10020000 - 0x00007ffe100c0000 	C:\Windows\System32\clbcatq.dll
0x00007ffe0a1d0000 - 0x00007ffe0a37e000 	C:\Windows\SYSTEM32\WindowsCodecs.dll
0x00007ffe026d0000 - 0x00007ffe02728000 	C:\Windows\system32\dataexchange.dll
0x00007ffe095d0000 - 0x00007ffe098db000 	C:\Windows\system32\d3d11.dll
0x00007ffe083e0000 - 0x00007ffe0857c000 	C:\Windows\system32\dcomp.dll
0x00007ffe0b7b0000 - 0x00007ffe0b86b000 	C:\Windows\system32\dxgi.dll
0x00007ffe0af00000 - 0x00007ffe0b0b8000 	C:\Windows\system32\twinapi.appcore.dll
0x00007ffe0aed0000 - 0x00007ffe0aef1000 	C:\Windows\system32\RMCLIENT.dll
0x00007ffde3830000 - 0x00007ffde3864000 	C:\Program Files\Common Files\Microsoft Shared\Ink\rtscom.dll
0x00007ffdfe5b0000 - 0x00007ffdfe646000 	C:\Windows\System32\TextInputFramework.dll
0x00007ffe00460000 - 0x00007ffe0077e000 	C:\Windows\System32\CoreUIComponents.dll
0x00007ffe08630000 - 0x00007ffe0870a000 	C:\Windows\System32\CoreMessaging.dll
0x00007ffe09b80000 - 0x00007ffe09ccd000 	C:\Windows\SYSTEM32\wintypes.dll
0x00007ffe0bae0000 - 0x00007ffe0bb11000 	C:\Windows\SYSTEM32\ntmarta.dll

VM Arguments:
jvm_args: -Dfile.encoding=Cp1252 
java_command: application.Main
java_class_path (initial): C:\Users\Taan\Documents\eclipse-workspace\Highrich\bin;C:\Users\Taan\.p2\pool\plugins\org.eclipse.fx.ide.css.jfx8_3.0.0.201705220750.jar
Launcher Type: SUN_STANDARD

Environment Variables:
PATH=C:/Program Files/Java/jre1.8.0_191/bin/server;C:/Program Files/Java/jre1.8.0_191/bin;C:/Program Files/Java/jre1.8.0_191/lib/amd64;C:\Program Files (x86)\Common Files\Oracle\Java\javapath;C:\Program Files (x86)\Intel\Intel(R) Management Engine Components\iCLS\;C:\Program Files\Intel\Intel(R) Management Engine Components\iCLS\;C:\Windows\system32;C:\Windows;C:\Windows\System32\Wbem;C:\Windows\System32\WindowsPowerShell\v1.0\;C:\Windows\System32\OpenSSH\;C:\Program Files\Intel\WiFi\bin\;C:\Program Files\Common Files\Intel\WirelessCommon\;C:\Program Files (x86)\Intel\Intel(R) Management Engine Components\DAL;C:\Program Files\Intel\Intel(R) Management Engine Components\DAL;C:\Program Files (x86)\Intel\Intel(R) Management Engine Components\IPT;C:\Program Files\Intel\Intel(R) Management Engine Components\IPT;C:\Program Files\Git\cmd;C:\Program Files\Java\jre1.8.0_181\bin;C:\Program Files (x86)\Graphviz2.38\bin;C:\Users\Taan\AppData\Local\Programs\Python\Python36\Scripts\;C:\Users\Taan\AppData\Local\Programs\Python\Python36\;C:\Users\Taan\AppData\Local\Microsoft\WindowsApps;C:\Program Files\Intel\WiFi\bin\;C:\Program Files\Common Files\Intel\WirelessCommon\;C:\Users\Taan\AppData\Local\Programs\Microsoft VS Code\bin;C:\Program Files (x86)\FFmpeg\ffmpeg-20181118-8f875a9-win64-static\bin;C:\Program Files (x86)\Graphviz2.38\bin;;C:\Users\Taan\Desktop;
USERNAME=Taan
OS=Windows_NT
PROCESSOR_IDENTIFIER=Intel64 Family 6 Model 142 Stepping 10, GenuineIntel



---------------  S Y S T E M  ---------------

OS: Windows 10.0 , 64 bit Build 17134 (10.0.17134.1)

CPU:total 8 (initial active 8) (4 cores per cpu, 2 threads per core) family 6 model 142 stepping 10, cmov, cx8, fxsr, mmx, sse, sse2, sse3, ssse3, sse4.1, sse4.2, popcnt, avx, avx2, aes, clmul, erms, 3dnowpref, lzcnt, ht, tsc, tscinvbit, bmi1, bmi2, adx

Memory: 4k page, physical 4074916k(382752k free), swap 16657828k(13348k free)

vm_info: Java HotSpot(TM) 64-Bit Server VM (25.191-b12) for windows-amd64 JRE (1.8.0_191-b12), built on Oct  6 2018 09:29:03 by "java_re" with MS VC++ 10.0 (VS2010)

time: Tue Nov 27 13:52:14 2018
elapsed time: 1 seconds (0d 0h 0m 1s)

